INFO 2024-12-06 12:37:19,079 autoreload Watching for file changes with StatReloader
INFO 2024-12-07 13:41:13,868 autoreload Watching for file changes with StatReloader
INFO 2024-12-07 13:41:24,303 basehttp "GET / HTTP/1.1" 302 0
INFO 2024-12-07 13:41:24,375 basehttp "GET /api/docs/swagger/ HTTP/1.1" 200 4653
INFO 2024-12-07 13:41:24,811 basehttp "GET /api/schema/ HTTP/1.1" 200 74318
INFO 2024-12-07 14:10:04,654 autoreload Watching for file changes with StatReloader
INFO 2024-12-07 14:10:09,353 basehttp "GET / HTTP/1.1" 302 0
INFO 2024-12-07 14:10:09,426 basehttp "GET /api/docs/swagger/ HTTP/1.1" 200 4653
INFO 2024-12-07 14:10:09,716 basehttp "GET /api/schema/ HTTP/1.1" 200 74318
INFO 2024-12-07 14:10:16,021 basehttp "GET / HTTP/1.1" 302 0
INFO 2024-12-07 14:10:16,029 basehttp "GET /api/docs/swagger/ HTTP/1.1" 200 4653
INFO 2024-12-07 14:10:16,190 basehttp "GET /api/schema/ HTTP/1.1" 200 74318
INFO 2024-12-07 14:13:48,539 autoreload C:\Users\KogSa\OneDrive\Рабочий стол\projects\DjangoFall2024\Rroject\jumys\jumys\jumys\settings.py changed, reloading.
INFO 2024-12-07 14:13:49,470 autoreload Watching for file changes with StatReloader
INFO 2024-12-07 14:25:10,411 autoreload Watching for file changes with StatReloader
WARNING 2024-12-07 14:25:25,978 log Not Found: /home
WARNING 2024-12-07 14:25:25,978 basehttp "GET /home HTTP/1.1" 404 3778
WARNING 2024-12-07 14:25:26,090 log Not Found: /favicon.ico
WARNING 2024-12-07 14:25:26,091 basehttp "GET /favicon.ico HTTP/1.1" 404 3799
INFO 2024-12-07 14:25:37,229 basehttp "GET /api/core/ HTTP/1.1" 200 3315
INFO 2024-12-07 14:25:42,832 basehttp "GET /api/core/ HTTP/1.1" 200 3315
INFO 2024-12-07 14:25:43,343 basehttp "GET /api/core/login/ HTTP/1.1" 200 4067
ERROR 2024-12-07 14:25:44,997 log Internal Server Error: /api/core/register/
Traceback (most recent call last):
  File "C:\Users\KogSa\AppData\Local\pypoetry\Cache\virtualenvs\jumys-Y4X2CG5X-py3.12\Lib\site-packages\django\core\handlers\exception.py", line 55, in inner
    response = get_response(request)
               ^^^^^^^^^^^^^^^^^^^^^
  File "C:\Users\KogSa\AppData\Local\pypoetry\Cache\virtualenvs\jumys-Y4X2CG5X-py3.12\Lib\site-packages\django\core\handlers\base.py", line 197, in _get_response
    response = wrapped_callback(request, *callback_args, **callback_kwargs)
               ^^^^^^^^^^^^^^^^^^^^^^^^^^^^^^^^^^^^^^^^^^^^^^^^^^^^^^^^^^^^
  File "C:\Users\KogSa\OneDrive\Рабочий стол\projects\DjangoFall2024\Rroject\jumys\jumys\core\views.py", line 29, in register_view
    return render(request, 'register.html', {'title': 'Register'})
           ^^^^^^^^^^^^^^^^^^^^^^^^^^^^^^^^^^^^^^^^^^^^^^^^^^^^^^^
  File "C:\Users\KogSa\AppData\Local\pypoetry\Cache\virtualenvs\jumys-Y4X2CG5X-py3.12\Lib\site-packages\django\shortcuts.py", line 25, in render
    content = loader.render_to_string(template_name, context, request, using=using)
              ^^^^^^^^^^^^^^^^^^^^^^^^^^^^^^^^^^^^^^^^^^^^^^^^^^^^^^^^^^^^^^^^^^^^^
  File "C:\Users\KogSa\AppData\Local\pypoetry\Cache\virtualenvs\jumys-Y4X2CG5X-py3.12\Lib\site-packages\django\template\loader.py", line 61, in render_to_string
    template = get_template(template_name, using=using)
               ^^^^^^^^^^^^^^^^^^^^^^^^^^^^^^^^^^^^^^^^
  File "C:\Users\KogSa\AppData\Local\pypoetry\Cache\virtualenvs\jumys-Y4X2CG5X-py3.12\Lib\site-packages\django\template\loader.py", line 15, in get_template
    return engine.get_template(template_name)
           ^^^^^^^^^^^^^^^^^^^^^^^^^^^^^^^^^^
  File "C:\Users\KogSa\AppData\Local\pypoetry\Cache\virtualenvs\jumys-Y4X2CG5X-py3.12\Lib\site-packages\django\template\backends\django.py", line 79, in get_template
    return Template(self.engine.get_template(template_name), self)
                    ^^^^^^^^^^^^^^^^^^^^^^^^^^^^^^^^^^^^^^^
  File "C:\Users\KogSa\AppData\Local\pypoetry\Cache\virtualenvs\jumys-Y4X2CG5X-py3.12\Lib\site-packages\django\template\engine.py", line 177, in get_template
    template, origin = self.find_template(template_name)
                       ^^^^^^^^^^^^^^^^^^^^^^^^^^^^^^^^^
  File "C:\Users\KogSa\AppData\Local\pypoetry\Cache\virtualenvs\jumys-Y4X2CG5X-py3.12\Lib\site-packages\django\template\engine.py", line 159, in find_template
    template = loader.get_template(name, skip=skip)
               ^^^^^^^^^^^^^^^^^^^^^^^^^^^^^^^^^^^^
  File "C:\Users\KogSa\AppData\Local\pypoetry\Cache\virtualenvs\jumys-Y4X2CG5X-py3.12\Lib\site-packages\django\template\loaders\cached.py", line 57, in get_template
    template = super().get_template(template_name, skip)
               ^^^^^^^^^^^^^^^^^^^^^^^^^^^^^^^^^^^^^^^^^
  File "C:\Users\KogSa\AppData\Local\pypoetry\Cache\virtualenvs\jumys-Y4X2CG5X-py3.12\Lib\site-packages\django\template\loaders\base.py", line 28, in get_template
    return Template(
           ^^^^^^^^^
  File "C:\Users\KogSa\AppData\Local\pypoetry\Cache\virtualenvs\jumys-Y4X2CG5X-py3.12\Lib\site-packages\django\template\base.py", line 154, in __init__
    self.nodelist = self.compile_nodelist()
                    ^^^^^^^^^^^^^^^^^^^^^^^
  File "C:\Users\KogSa\AppData\Local\pypoetry\Cache\virtualenvs\jumys-Y4X2CG5X-py3.12\Lib\site-packages\django\template\base.py", line 196, in compile_nodelist
    nodelist = parser.parse()
               ^^^^^^^^^^^^^^
  File "C:\Users\KogSa\AppData\Local\pypoetry\Cache\virtualenvs\jumys-Y4X2CG5X-py3.12\Lib\site-packages\django\template\base.py", line 518, in parse
    raise self.error(token, e)
  File "C:\Users\KogSa\AppData\Local\pypoetry\Cache\virtualenvs\jumys-Y4X2CG5X-py3.12\Lib\site-packages\django\template\base.py", line 516, in parse
    compiled_result = compile_func(self, token)
                      ^^^^^^^^^^^^^^^^^^^^^^^^^
  File "C:\Users\KogSa\AppData\Local\pypoetry\Cache\virtualenvs\jumys-Y4X2CG5X-py3.12\Lib\site-packages\django\template\loader_tags.py", line 295, in do_extends
    nodelist = parser.parse()
               ^^^^^^^^^^^^^^
  File "C:\Users\KogSa\AppData\Local\pypoetry\Cache\virtualenvs\jumys-Y4X2CG5X-py3.12\Lib\site-packages\django\template\base.py", line 518, in parse
    raise self.error(token, e)
  File "C:\Users\KogSa\AppData\Local\pypoetry\Cache\virtualenvs\jumys-Y4X2CG5X-py3.12\Lib\site-packages\django\template\base.py", line 516, in parse
    compiled_result = compile_func(self, token)
                      ^^^^^^^^^^^^^^^^^^^^^^^^^
  File "C:\Users\KogSa\AppData\Local\pypoetry\Cache\virtualenvs\jumys-Y4X2CG5X-py3.12\Lib\site-packages\django\template\loader_tags.py", line 234, in do_block
    nodelist = parser.parse(("endblock",))
               ^^^^^^^^^^^^^^^^^^^^^^^^^^^
  File "C:\Users\KogSa\AppData\Local\pypoetry\Cache\virtualenvs\jumys-Y4X2CG5X-py3.12\Lib\site-packages\django\template\base.py", line 489, in parse
    raise self.error(token, e)
  File "C:\Users\KogSa\AppData\Local\pypoetry\Cache\virtualenvs\jumys-Y4X2CG5X-py3.12\Lib\site-packages\django\template\base.py", line 487, in parse
    filter_expression = self.compile_filter(token.contents)
                        ^^^^^^^^^^^^^^^^^^^^^^^^^^^^^^^^^^^
  File "C:\Users\KogSa\AppData\Local\pypoetry\Cache\virtualenvs\jumys-Y4X2CG5X-py3.12\Lib\site-packages\django\template\base.py", line 605, in compile_filter
    return FilterExpression(token, self)
           ^^^^^^^^^^^^^^^^^^^^^^^^^^^^^
  File "C:\Users\KogSa\AppData\Local\pypoetry\Cache\virtualenvs\jumys-Y4X2CG5X-py3.12\Lib\site-packages\django\template\base.py", line 701, in __init__
    filter_func = parser.find_filter(filter_name)
                  ^^^^^^^^^^^^^^^^^^^^^^^^^^^^^^^
  File "C:\Users\KogSa\AppData\Local\pypoetry\Cache\virtualenvs\jumys-Y4X2CG5X-py3.12\Lib\site-packages\django\template\base.py", line 611, in find_filter
    raise TemplateSyntaxError("Invalid filter: '%s'" % filter_name)
django.template.exceptions.TemplateSyntaxError: Invalid filter: 'crispy'
ERROR 2024-12-07 14:25:45,004 basehttp "GET /api/core/register/ HTTP/1.1" 500 186769
INFO 2024-12-07 14:28:16,634 autoreload Watching for file changes with StatReloader
ERROR 2024-12-07 14:28:20,408 log Internal Server Error: /api/core/register/
Traceback (most recent call last):
  File "C:\Users\KogSa\AppData\Local\pypoetry\Cache\virtualenvs\jumys-Y4X2CG5X-py3.12\Lib\site-packages\django\core\handlers\exception.py", line 55, in inner
    response = get_response(request)
               ^^^^^^^^^^^^^^^^^^^^^
  File "C:\Users\KogSa\AppData\Local\pypoetry\Cache\virtualenvs\jumys-Y4X2CG5X-py3.12\Lib\site-packages\django\core\handlers\base.py", line 197, in _get_response
    response = wrapped_callback(request, *callback_args, **callback_kwargs)
               ^^^^^^^^^^^^^^^^^^^^^^^^^^^^^^^^^^^^^^^^^^^^^^^^^^^^^^^^^^^^
  File "C:\Users\KogSa\OneDrive\Рабочий стол\projects\DjangoFall2024\Rroject\jumys\jumys\core\views.py", line 29, in register_view
    return render(request, 'register.html', {'title': 'Register'})
           ^^^^^^^^^^^^^^^^^^^^^^^^^^^^^^^^^^^^^^^^^^^^^^^^^^^^^^^
  File "C:\Users\KogSa\AppData\Local\pypoetry\Cache\virtualenvs\jumys-Y4X2CG5X-py3.12\Lib\site-packages\django\shortcuts.py", line 25, in render
    content = loader.render_to_string(template_name, context, request, using=using)
              ^^^^^^^^^^^^^^^^^^^^^^^^^^^^^^^^^^^^^^^^^^^^^^^^^^^^^^^^^^^^^^^^^^^^^
  File "C:\Users\KogSa\AppData\Local\pypoetry\Cache\virtualenvs\jumys-Y4X2CG5X-py3.12\Lib\site-packages\django\template\loader.py", line 61, in render_to_string
    template = get_template(template_name, using=using)
               ^^^^^^^^^^^^^^^^^^^^^^^^^^^^^^^^^^^^^^^^
  File "C:\Users\KogSa\AppData\Local\pypoetry\Cache\virtualenvs\jumys-Y4X2CG5X-py3.12\Lib\site-packages\django\template\loader.py", line 15, in get_template
    return engine.get_template(template_name)
           ^^^^^^^^^^^^^^^^^^^^^^^^^^^^^^^^^^
  File "C:\Users\KogSa\AppData\Local\pypoetry\Cache\virtualenvs\jumys-Y4X2CG5X-py3.12\Lib\site-packages\django\template\backends\django.py", line 79, in get_template
    return Template(self.engine.get_template(template_name), self)
                    ^^^^^^^^^^^^^^^^^^^^^^^^^^^^^^^^^^^^^^^
  File "C:\Users\KogSa\AppData\Local\pypoetry\Cache\virtualenvs\jumys-Y4X2CG5X-py3.12\Lib\site-packages\django\template\engine.py", line 177, in get_template
    template, origin = self.find_template(template_name)
                       ^^^^^^^^^^^^^^^^^^^^^^^^^^^^^^^^^
  File "C:\Users\KogSa\AppData\Local\pypoetry\Cache\virtualenvs\jumys-Y4X2CG5X-py3.12\Lib\site-packages\django\template\engine.py", line 159, in find_template
    template = loader.get_template(name, skip=skip)
               ^^^^^^^^^^^^^^^^^^^^^^^^^^^^^^^^^^^^
  File "C:\Users\KogSa\AppData\Local\pypoetry\Cache\virtualenvs\jumys-Y4X2CG5X-py3.12\Lib\site-packages\django\template\loaders\cached.py", line 57, in get_template
    template = super().get_template(template_name, skip)
               ^^^^^^^^^^^^^^^^^^^^^^^^^^^^^^^^^^^^^^^^^
  File "C:\Users\KogSa\AppData\Local\pypoetry\Cache\virtualenvs\jumys-Y4X2CG5X-py3.12\Lib\site-packages\django\template\loaders\base.py", line 28, in get_template
    return Template(
           ^^^^^^^^^
  File "C:\Users\KogSa\AppData\Local\pypoetry\Cache\virtualenvs\jumys-Y4X2CG5X-py3.12\Lib\site-packages\django\template\base.py", line 154, in __init__
    self.nodelist = self.compile_nodelist()
                    ^^^^^^^^^^^^^^^^^^^^^^^
  File "C:\Users\KogSa\AppData\Local\pypoetry\Cache\virtualenvs\jumys-Y4X2CG5X-py3.12\Lib\site-packages\django\template\base.py", line 196, in compile_nodelist
    nodelist = parser.parse()
               ^^^^^^^^^^^^^^
  File "C:\Users\KogSa\AppData\Local\pypoetry\Cache\virtualenvs\jumys-Y4X2CG5X-py3.12\Lib\site-packages\django\template\base.py", line 518, in parse
    raise self.error(token, e)
  File "C:\Users\KogSa\AppData\Local\pypoetry\Cache\virtualenvs\jumys-Y4X2CG5X-py3.12\Lib\site-packages\django\template\base.py", line 516, in parse
    compiled_result = compile_func(self, token)
                      ^^^^^^^^^^^^^^^^^^^^^^^^^
  File "C:\Users\KogSa\AppData\Local\pypoetry\Cache\virtualenvs\jumys-Y4X2CG5X-py3.12\Lib\site-packages\django\template\loader_tags.py", line 295, in do_extends
    nodelist = parser.parse()
               ^^^^^^^^^^^^^^
  File "C:\Users\KogSa\AppData\Local\pypoetry\Cache\virtualenvs\jumys-Y4X2CG5X-py3.12\Lib\site-packages\django\template\base.py", line 518, in parse
    raise self.error(token, e)
  File "C:\Users\KogSa\AppData\Local\pypoetry\Cache\virtualenvs\jumys-Y4X2CG5X-py3.12\Lib\site-packages\django\template\base.py", line 516, in parse
    compiled_result = compile_func(self, token)
                      ^^^^^^^^^^^^^^^^^^^^^^^^^
  File "C:\Users\KogSa\AppData\Local\pypoetry\Cache\virtualenvs\jumys-Y4X2CG5X-py3.12\Lib\site-packages\django\template\loader_tags.py", line 234, in do_block
    nodelist = parser.parse(("endblock",))
               ^^^^^^^^^^^^^^^^^^^^^^^^^^^
  File "C:\Users\KogSa\AppData\Local\pypoetry\Cache\virtualenvs\jumys-Y4X2CG5X-py3.12\Lib\site-packages\django\template\base.py", line 489, in parse
    raise self.error(token, e)
  File "C:\Users\KogSa\AppData\Local\pypoetry\Cache\virtualenvs\jumys-Y4X2CG5X-py3.12\Lib\site-packages\django\template\base.py", line 487, in parse
    filter_expression = self.compile_filter(token.contents)
                        ^^^^^^^^^^^^^^^^^^^^^^^^^^^^^^^^^^^
  File "C:\Users\KogSa\AppData\Local\pypoetry\Cache\virtualenvs\jumys-Y4X2CG5X-py3.12\Lib\site-packages\django\template\base.py", line 605, in compile_filter
    return FilterExpression(token, self)
           ^^^^^^^^^^^^^^^^^^^^^^^^^^^^^
  File "C:\Users\KogSa\AppData\Local\pypoetry\Cache\virtualenvs\jumys-Y4X2CG5X-py3.12\Lib\site-packages\django\template\base.py", line 701, in __init__
    filter_func = parser.find_filter(filter_name)
                  ^^^^^^^^^^^^^^^^^^^^^^^^^^^^^^^
  File "C:\Users\KogSa\AppData\Local\pypoetry\Cache\virtualenvs\jumys-Y4X2CG5X-py3.12\Lib\site-packages\django\template\base.py", line 611, in find_filter
    raise TemplateSyntaxError("Invalid filter: '%s'" % filter_name)
django.template.exceptions.TemplateSyntaxError: Invalid filter: 'crispy'
ERROR 2024-12-07 14:28:20,417 basehttp "GET /api/core/register/ HTTP/1.1" 500 186889
ERROR 2024-12-07 14:28:23,865 log Internal Server Error: /api/core/register/
Traceback (most recent call last):
  File "C:\Users\KogSa\AppData\Local\pypoetry\Cache\virtualenvs\jumys-Y4X2CG5X-py3.12\Lib\site-packages\django\core\handlers\exception.py", line 55, in inner
    response = get_response(request)
               ^^^^^^^^^^^^^^^^^^^^^
  File "C:\Users\KogSa\AppData\Local\pypoetry\Cache\virtualenvs\jumys-Y4X2CG5X-py3.12\Lib\site-packages\django\core\handlers\base.py", line 197, in _get_response
    response = wrapped_callback(request, *callback_args, **callback_kwargs)
               ^^^^^^^^^^^^^^^^^^^^^^^^^^^^^^^^^^^^^^^^^^^^^^^^^^^^^^^^^^^^
  File "C:\Users\KogSa\OneDrive\Рабочий стол\projects\DjangoFall2024\Rroject\jumys\jumys\core\views.py", line 29, in register_view
    return render(request, 'register.html', {'title': 'Register'})
           ^^^^^^^^^^^^^^^^^^^^^^^^^^^^^^^^^^^^^^^^^^^^^^^^^^^^^^^
  File "C:\Users\KogSa\AppData\Local\pypoetry\Cache\virtualenvs\jumys-Y4X2CG5X-py3.12\Lib\site-packages\django\shortcuts.py", line 25, in render
    content = loader.render_to_string(template_name, context, request, using=using)
              ^^^^^^^^^^^^^^^^^^^^^^^^^^^^^^^^^^^^^^^^^^^^^^^^^^^^^^^^^^^^^^^^^^^^^
  File "C:\Users\KogSa\AppData\Local\pypoetry\Cache\virtualenvs\jumys-Y4X2CG5X-py3.12\Lib\site-packages\django\template\loader.py", line 61, in render_to_string
    template = get_template(template_name, using=using)
               ^^^^^^^^^^^^^^^^^^^^^^^^^^^^^^^^^^^^^^^^
  File "C:\Users\KogSa\AppData\Local\pypoetry\Cache\virtualenvs\jumys-Y4X2CG5X-py3.12\Lib\site-packages\django\template\loader.py", line 15, in get_template
    return engine.get_template(template_name)
           ^^^^^^^^^^^^^^^^^^^^^^^^^^^^^^^^^^
  File "C:\Users\KogSa\AppData\Local\pypoetry\Cache\virtualenvs\jumys-Y4X2CG5X-py3.12\Lib\site-packages\django\template\backends\django.py", line 79, in get_template
    return Template(self.engine.get_template(template_name), self)
                    ^^^^^^^^^^^^^^^^^^^^^^^^^^^^^^^^^^^^^^^
  File "C:\Users\KogSa\AppData\Local\pypoetry\Cache\virtualenvs\jumys-Y4X2CG5X-py3.12\Lib\site-packages\django\template\engine.py", line 177, in get_template
    template, origin = self.find_template(template_name)
                       ^^^^^^^^^^^^^^^^^^^^^^^^^^^^^^^^^
  File "C:\Users\KogSa\AppData\Local\pypoetry\Cache\virtualenvs\jumys-Y4X2CG5X-py3.12\Lib\site-packages\django\template\engine.py", line 159, in find_template
    template = loader.get_template(name, skip=skip)
               ^^^^^^^^^^^^^^^^^^^^^^^^^^^^^^^^^^^^
  File "C:\Users\KogSa\AppData\Local\pypoetry\Cache\virtualenvs\jumys-Y4X2CG5X-py3.12\Lib\site-packages\django\template\loaders\cached.py", line 57, in get_template
    template = super().get_template(template_name, skip)
               ^^^^^^^^^^^^^^^^^^^^^^^^^^^^^^^^^^^^^^^^^
  File "C:\Users\KogSa\AppData\Local\pypoetry\Cache\virtualenvs\jumys-Y4X2CG5X-py3.12\Lib\site-packages\django\template\loaders\base.py", line 28, in get_template
    return Template(
           ^^^^^^^^^
  File "C:\Users\KogSa\AppData\Local\pypoetry\Cache\virtualenvs\jumys-Y4X2CG5X-py3.12\Lib\site-packages\django\template\base.py", line 154, in __init__
    self.nodelist = self.compile_nodelist()
                    ^^^^^^^^^^^^^^^^^^^^^^^
  File "C:\Users\KogSa\AppData\Local\pypoetry\Cache\virtualenvs\jumys-Y4X2CG5X-py3.12\Lib\site-packages\django\template\base.py", line 196, in compile_nodelist
    nodelist = parser.parse()
               ^^^^^^^^^^^^^^
  File "C:\Users\KogSa\AppData\Local\pypoetry\Cache\virtualenvs\jumys-Y4X2CG5X-py3.12\Lib\site-packages\django\template\base.py", line 518, in parse
    raise self.error(token, e)
  File "C:\Users\KogSa\AppData\Local\pypoetry\Cache\virtualenvs\jumys-Y4X2CG5X-py3.12\Lib\site-packages\django\template\base.py", line 516, in parse
    compiled_result = compile_func(self, token)
                      ^^^^^^^^^^^^^^^^^^^^^^^^^
  File "C:\Users\KogSa\AppData\Local\pypoetry\Cache\virtualenvs\jumys-Y4X2CG5X-py3.12\Lib\site-packages\django\template\loader_tags.py", line 295, in do_extends
    nodelist = parser.parse()
               ^^^^^^^^^^^^^^
  File "C:\Users\KogSa\AppData\Local\pypoetry\Cache\virtualenvs\jumys-Y4X2CG5X-py3.12\Lib\site-packages\django\template\base.py", line 518, in parse
    raise self.error(token, e)
  File "C:\Users\KogSa\AppData\Local\pypoetry\Cache\virtualenvs\jumys-Y4X2CG5X-py3.12\Lib\site-packages\django\template\base.py", line 516, in parse
    compiled_result = compile_func(self, token)
                      ^^^^^^^^^^^^^^^^^^^^^^^^^
  File "C:\Users\KogSa\AppData\Local\pypoetry\Cache\virtualenvs\jumys-Y4X2CG5X-py3.12\Lib\site-packages\django\template\loader_tags.py", line 234, in do_block
    nodelist = parser.parse(("endblock",))
               ^^^^^^^^^^^^^^^^^^^^^^^^^^^
  File "C:\Users\KogSa\AppData\Local\pypoetry\Cache\virtualenvs\jumys-Y4X2CG5X-py3.12\Lib\site-packages\django\template\base.py", line 489, in parse
    raise self.error(token, e)
  File "C:\Users\KogSa\AppData\Local\pypoetry\Cache\virtualenvs\jumys-Y4X2CG5X-py3.12\Lib\site-packages\django\template\base.py", line 487, in parse
    filter_expression = self.compile_filter(token.contents)
                        ^^^^^^^^^^^^^^^^^^^^^^^^^^^^^^^^^^^
  File "C:\Users\KogSa\AppData\Local\pypoetry\Cache\virtualenvs\jumys-Y4X2CG5X-py3.12\Lib\site-packages\django\template\base.py", line 605, in compile_filter
    return FilterExpression(token, self)
           ^^^^^^^^^^^^^^^^^^^^^^^^^^^^^
  File "C:\Users\KogSa\AppData\Local\pypoetry\Cache\virtualenvs\jumys-Y4X2CG5X-py3.12\Lib\site-packages\django\template\base.py", line 701, in __init__
    filter_func = parser.find_filter(filter_name)
                  ^^^^^^^^^^^^^^^^^^^^^^^^^^^^^^^
  File "C:\Users\KogSa\AppData\Local\pypoetry\Cache\virtualenvs\jumys-Y4X2CG5X-py3.12\Lib\site-packages\django\template\base.py", line 611, in find_filter
    raise TemplateSyntaxError("Invalid filter: '%s'" % filter_name)
django.template.exceptions.TemplateSyntaxError: Invalid filter: 'crispy'
ERROR 2024-12-07 14:28:23,872 basehttp "GET /api/core/register/ HTTP/1.1" 500 186889
INFO 2024-12-07 14:29:28,054 autoreload Watching for file changes with StatReloader
ERROR 2024-12-07 14:29:30,742 log Internal Server Error: /api/core/register/
Traceback (most recent call last):
  File "C:\Users\KogSa\AppData\Local\pypoetry\Cache\virtualenvs\jumys-Y4X2CG5X-py3.12\Lib\site-packages\django\template\backends\django.py", line 107, in render
    return self.template.render(context)
           ^^^^^^^^^^^^^^^^^^^^^^^^^^^^^
  File "C:\Users\KogSa\AppData\Local\pypoetry\Cache\virtualenvs\jumys-Y4X2CG5X-py3.12\Lib\site-packages\django\template\base.py", line 171, in render
    return self._render(context)
           ^^^^^^^^^^^^^^^^^^^^^
  File "C:\Users\KogSa\AppData\Local\pypoetry\Cache\virtualenvs\jumys-Y4X2CG5X-py3.12\Lib\site-packages\django\template\base.py", line 163, in _render
    return self.nodelist.render(context)
           ^^^^^^^^^^^^^^^^^^^^^^^^^^^^^
  File "C:\Users\KogSa\AppData\Local\pypoetry\Cache\virtualenvs\jumys-Y4X2CG5X-py3.12\Lib\site-packages\django\template\base.py", line 1008, in render
    return SafeString("".join([node.render_annotated(context) for node in self]))
                               ^^^^^^^^^^^^^^^^^^^^^^^^^^^^^^
  File "C:\Users\KogSa\AppData\Local\pypoetry\Cache\virtualenvs\jumys-Y4X2CG5X-py3.12\Lib\site-packages\django\template\base.py", line 969, in render_annotated
    return self.render(context)
           ^^^^^^^^^^^^^^^^^^^^
  File "C:\Users\KogSa\AppData\Local\pypoetry\Cache\virtualenvs\jumys-Y4X2CG5X-py3.12\Lib\site-packages\django\template\loader_tags.py", line 159, in render
    return compiled_parent._render(context)
           ^^^^^^^^^^^^^^^^^^^^^^^^^^^^^^^^
  File "C:\Users\KogSa\AppData\Local\pypoetry\Cache\virtualenvs\jumys-Y4X2CG5X-py3.12\Lib\site-packages\django\template\base.py", line 163, in _render
    return self.nodelist.render(context)
           ^^^^^^^^^^^^^^^^^^^^^^^^^^^^^
  File "C:\Users\KogSa\AppData\Local\pypoetry\Cache\virtualenvs\jumys-Y4X2CG5X-py3.12\Lib\site-packages\django\template\base.py", line 1008, in render
    return SafeString("".join([node.render_annotated(context) for node in self]))
                               ^^^^^^^^^^^^^^^^^^^^^^^^^^^^^^
  File "C:\Users\KogSa\AppData\Local\pypoetry\Cache\virtualenvs\jumys-Y4X2CG5X-py3.12\Lib\site-packages\django\template\base.py", line 969, in render_annotated
    return self.render(context)
           ^^^^^^^^^^^^^^^^^^^^
  File "C:\Users\KogSa\AppData\Local\pypoetry\Cache\virtualenvs\jumys-Y4X2CG5X-py3.12\Lib\site-packages\django\template\loader_tags.py", line 65, in render
    result = block.nodelist.render(context)
             ^^^^^^^^^^^^^^^^^^^^^^^^^^^^^^
  File "C:\Users\KogSa\AppData\Local\pypoetry\Cache\virtualenvs\jumys-Y4X2CG5X-py3.12\Lib\site-packages\django\template\base.py", line 1008, in render
    return SafeString("".join([node.render_annotated(context) for node in self]))
                               ^^^^^^^^^^^^^^^^^^^^^^^^^^^^^^
  File "C:\Users\KogSa\AppData\Local\pypoetry\Cache\virtualenvs\jumys-Y4X2CG5X-py3.12\Lib\site-packages\django\template\base.py", line 969, in render_annotated
    return self.render(context)
           ^^^^^^^^^^^^^^^^^^^^
  File "C:\Users\KogSa\AppData\Local\pypoetry\Cache\virtualenvs\jumys-Y4X2CG5X-py3.12\Lib\site-packages\django\template\base.py", line 1067, in render
    output = self.filter_expression.resolve(context)
             ^^^^^^^^^^^^^^^^^^^^^^^^^^^^^^^^^^^^^^^
  File "C:\Users\KogSa\AppData\Local\pypoetry\Cache\virtualenvs\jumys-Y4X2CG5X-py3.12\Lib\site-packages\django\template\base.py", line 745, in resolve
    new_obj = func(obj, *arg_vals)
              ^^^^^^^^^^^^^^^^^^^^
  File "C:\Users\KogSa\AppData\Local\pypoetry\Cache\virtualenvs\jumys-Y4X2CG5X-py3.12\Lib\site-packages\crispy_forms\templatetags\crispy_forms_filters.py", line 58, in as_crispy_form
    template = uni_form_template(template_pack)
               ^^^^^^^^^^^^^^^^^^^^^^^^^^^^^^^^
  File "C:\Users\KogSa\AppData\Local\pypoetry\Cache\virtualenvs\jumys-Y4X2CG5X-py3.12\Lib\site-packages\crispy_forms\templatetags\crispy_forms_filters.py", line 21, in uni_form_template
    return get_template("%s/uni_form.html" % template_pack)
           ^^^^^^^^^^^^^^^^^^^^^^^^^^^^^^^^^^^^^^^^^^^^^^^^
  File "C:\Users\KogSa\AppData\Local\pypoetry\Cache\virtualenvs\jumys-Y4X2CG5X-py3.12\Lib\site-packages\django\template\loader.py", line 19, in get_template
    raise TemplateDoesNotExist(template_name, chain=chain)
django.template.exceptions.TemplateDoesNotExist: bootstrap5/uni_form.html

The above exception was the direct cause of the following exception:

Traceback (most recent call last):
  File "C:\Users\KogSa\AppData\Local\pypoetry\Cache\virtualenvs\jumys-Y4X2CG5X-py3.12\Lib\site-packages\django\core\handlers\exception.py", line 55, in inner
    response = get_response(request)
               ^^^^^^^^^^^^^^^^^^^^^
  File "C:\Users\KogSa\AppData\Local\pypoetry\Cache\virtualenvs\jumys-Y4X2CG5X-py3.12\Lib\site-packages\django\core\handlers\base.py", line 197, in _get_response
    response = wrapped_callback(request, *callback_args, **callback_kwargs)
               ^^^^^^^^^^^^^^^^^^^^^^^^^^^^^^^^^^^^^^^^^^^^^^^^^^^^^^^^^^^^
  File "C:\Users\KogSa\OneDrive\Рабочий стол\projects\DjangoFall2024\Rroject\jumys\jumys\core\views.py", line 29, in register_view
    return render(request, 'register.html', {'title': 'Register'})
           ^^^^^^^^^^^^^^^^^^^^^^^^^^^^^^^^^^^^^^^^^^^^^^^^^^^^^^^
  File "C:\Users\KogSa\AppData\Local\pypoetry\Cache\virtualenvs\jumys-Y4X2CG5X-py3.12\Lib\site-packages\django\shortcuts.py", line 25, in render
    content = loader.render_to_string(template_name, context, request, using=using)
              ^^^^^^^^^^^^^^^^^^^^^^^^^^^^^^^^^^^^^^^^^^^^^^^^^^^^^^^^^^^^^^^^^^^^^
  File "C:\Users\KogSa\AppData\Local\pypoetry\Cache\virtualenvs\jumys-Y4X2CG5X-py3.12\Lib\site-packages\django\template\loader.py", line 62, in render_to_string
    return template.render(context, request)
           ^^^^^^^^^^^^^^^^^^^^^^^^^^^^^^^^^
  File "C:\Users\KogSa\AppData\Local\pypoetry\Cache\virtualenvs\jumys-Y4X2CG5X-py3.12\Lib\site-packages\django\template\backends\django.py", line 109, in render
    reraise(exc, self.backend)
  File "C:\Users\KogSa\AppData\Local\pypoetry\Cache\virtualenvs\jumys-Y4X2CG5X-py3.12\Lib\site-packages\django\template\backends\django.py", line 130, in reraise
    raise new from exc
django.template.exceptions.TemplateDoesNotExist: bootstrap5/uni_form.html
ERROR 2024-12-07 14:29:30,752 basehttp "GET /api/core/register/ HTTP/1.1" 500 175066
INFO 2024-12-07 14:32:26,992 autoreload Watching for file changes with StatReloader
ERROR 2024-12-07 14:32:29,768 log Internal Server Error: /api/core/register/
Traceback (most recent call last):
  File "C:\Users\KogSa\AppData\Local\pypoetry\Cache\virtualenvs\jumys-Y4X2CG5X-py3.12\Lib\site-packages\django\template\backends\django.py", line 107, in render
    return self.template.render(context)
           ^^^^^^^^^^^^^^^^^^^^^^^^^^^^^
  File "C:\Users\KogSa\AppData\Local\pypoetry\Cache\virtualenvs\jumys-Y4X2CG5X-py3.12\Lib\site-packages\django\template\base.py", line 171, in render
    return self._render(context)
           ^^^^^^^^^^^^^^^^^^^^^
  File "C:\Users\KogSa\AppData\Local\pypoetry\Cache\virtualenvs\jumys-Y4X2CG5X-py3.12\Lib\site-packages\django\template\base.py", line 163, in _render
    return self.nodelist.render(context)
           ^^^^^^^^^^^^^^^^^^^^^^^^^^^^^
  File "C:\Users\KogSa\AppData\Local\pypoetry\Cache\virtualenvs\jumys-Y4X2CG5X-py3.12\Lib\site-packages\django\template\base.py", line 1008, in render
    return SafeString("".join([node.render_annotated(context) for node in self]))
                               ^^^^^^^^^^^^^^^^^^^^^^^^^^^^^^
  File "C:\Users\KogSa\AppData\Local\pypoetry\Cache\virtualenvs\jumys-Y4X2CG5X-py3.12\Lib\site-packages\django\template\base.py", line 969, in render_annotated
    return self.render(context)
           ^^^^^^^^^^^^^^^^^^^^
  File "C:\Users\KogSa\AppData\Local\pypoetry\Cache\virtualenvs\jumys-Y4X2CG5X-py3.12\Lib\site-packages\django\template\loader_tags.py", line 159, in render
    return compiled_parent._render(context)
           ^^^^^^^^^^^^^^^^^^^^^^^^^^^^^^^^
  File "C:\Users\KogSa\AppData\Local\pypoetry\Cache\virtualenvs\jumys-Y4X2CG5X-py3.12\Lib\site-packages\django\template\base.py", line 163, in _render
    return self.nodelist.render(context)
           ^^^^^^^^^^^^^^^^^^^^^^^^^^^^^
  File "C:\Users\KogSa\AppData\Local\pypoetry\Cache\virtualenvs\jumys-Y4X2CG5X-py3.12\Lib\site-packages\django\template\base.py", line 1008, in render
    return SafeString("".join([node.render_annotated(context) for node in self]))
                               ^^^^^^^^^^^^^^^^^^^^^^^^^^^^^^
  File "C:\Users\KogSa\AppData\Local\pypoetry\Cache\virtualenvs\jumys-Y4X2CG5X-py3.12\Lib\site-packages\django\template\base.py", line 969, in render_annotated
    return self.render(context)
           ^^^^^^^^^^^^^^^^^^^^
  File "C:\Users\KogSa\AppData\Local\pypoetry\Cache\virtualenvs\jumys-Y4X2CG5X-py3.12\Lib\site-packages\django\template\loader_tags.py", line 65, in render
    result = block.nodelist.render(context)
             ^^^^^^^^^^^^^^^^^^^^^^^^^^^^^^
  File "C:\Users\KogSa\AppData\Local\pypoetry\Cache\virtualenvs\jumys-Y4X2CG5X-py3.12\Lib\site-packages\django\template\base.py", line 1008, in render
    return SafeString("".join([node.render_annotated(context) for node in self]))
                               ^^^^^^^^^^^^^^^^^^^^^^^^^^^^^^
  File "C:\Users\KogSa\AppData\Local\pypoetry\Cache\virtualenvs\jumys-Y4X2CG5X-py3.12\Lib\site-packages\django\template\base.py", line 969, in render_annotated
    return self.render(context)
           ^^^^^^^^^^^^^^^^^^^^
  File "C:\Users\KogSa\AppData\Local\pypoetry\Cache\virtualenvs\jumys-Y4X2CG5X-py3.12\Lib\site-packages\django\template\base.py", line 1067, in render
    output = self.filter_expression.resolve(context)
             ^^^^^^^^^^^^^^^^^^^^^^^^^^^^^^^^^^^^^^^
  File "C:\Users\KogSa\AppData\Local\pypoetry\Cache\virtualenvs\jumys-Y4X2CG5X-py3.12\Lib\site-packages\django\template\base.py", line 745, in resolve
    new_obj = func(obj, *arg_vals)
              ^^^^^^^^^^^^^^^^^^^^
  File "C:\Users\KogSa\AppData\Local\pypoetry\Cache\virtualenvs\jumys-Y4X2CG5X-py3.12\Lib\site-packages\crispy_forms\templatetags\crispy_forms_filters.py", line 58, in as_crispy_form
    template = uni_form_template(template_pack)
               ^^^^^^^^^^^^^^^^^^^^^^^^^^^^^^^^
  File "C:\Users\KogSa\AppData\Local\pypoetry\Cache\virtualenvs\jumys-Y4X2CG5X-py3.12\Lib\site-packages\crispy_forms\templatetags\crispy_forms_filters.py", line 21, in uni_form_template
    return get_template("%s/uni_form.html" % template_pack)
           ^^^^^^^^^^^^^^^^^^^^^^^^^^^^^^^^^^^^^^^^^^^^^^^^
  File "C:\Users\KogSa\AppData\Local\pypoetry\Cache\virtualenvs\jumys-Y4X2CG5X-py3.12\Lib\site-packages\django\template\loader.py", line 19, in get_template
    raise TemplateDoesNotExist(template_name, chain=chain)
django.template.exceptions.TemplateDoesNotExist: bootstrap5/uni_form.html

The above exception was the direct cause of the following exception:

Traceback (most recent call last):
  File "C:\Users\KogSa\AppData\Local\pypoetry\Cache\virtualenvs\jumys-Y4X2CG5X-py3.12\Lib\site-packages\django\core\handlers\exception.py", line 55, in inner
    response = get_response(request)
               ^^^^^^^^^^^^^^^^^^^^^
  File "C:\Users\KogSa\AppData\Local\pypoetry\Cache\virtualenvs\jumys-Y4X2CG5X-py3.12\Lib\site-packages\django\core\handlers\base.py", line 197, in _get_response
    response = wrapped_callback(request, *callback_args, **callback_kwargs)
               ^^^^^^^^^^^^^^^^^^^^^^^^^^^^^^^^^^^^^^^^^^^^^^^^^^^^^^^^^^^^
  File "C:\Users\KogSa\OneDrive\Рабочий стол\projects\DjangoFall2024\Rroject\jumys\jumys\core\views.py", line 29, in register_view
    return render(request, 'register.html', {'title': 'Register'})
           ^^^^^^^^^^^^^^^^^^^^^^^^^^^^^^^^^^^^^^^^^^^^^^^^^^^^^^^
  File "C:\Users\KogSa\AppData\Local\pypoetry\Cache\virtualenvs\jumys-Y4X2CG5X-py3.12\Lib\site-packages\django\shortcuts.py", line 25, in render
    content = loader.render_to_string(template_name, context, request, using=using)
              ^^^^^^^^^^^^^^^^^^^^^^^^^^^^^^^^^^^^^^^^^^^^^^^^^^^^^^^^^^^^^^^^^^^^^
  File "C:\Users\KogSa\AppData\Local\pypoetry\Cache\virtualenvs\jumys-Y4X2CG5X-py3.12\Lib\site-packages\django\template\loader.py", line 62, in render_to_string
    return template.render(context, request)
           ^^^^^^^^^^^^^^^^^^^^^^^^^^^^^^^^^
  File "C:\Users\KogSa\AppData\Local\pypoetry\Cache\virtualenvs\jumys-Y4X2CG5X-py3.12\Lib\site-packages\django\template\backends\django.py", line 109, in render
    reraise(exc, self.backend)
  File "C:\Users\KogSa\AppData\Local\pypoetry\Cache\virtualenvs\jumys-Y4X2CG5X-py3.12\Lib\site-packages\django\template\backends\django.py", line 130, in reraise
    raise new from exc
django.template.exceptions.TemplateDoesNotExist: bootstrap5/uni_form.html
ERROR 2024-12-07 14:32:29,780 basehttp "GET /api/core/register/ HTTP/1.1" 500 175066
INFO 2024-12-07 14:32:33,958 basehttp "GET /api/core HTTP/1.1" 301 0
INFO 2024-12-07 14:32:33,964 basehttp "GET /api/core/ HTTP/1.1" 200 3315
INFO 2024-12-07 14:32:34,882 basehttp "GET /api/core/login/ HTTP/1.1" 200 4067
ERROR 2024-12-07 14:32:36,631 log Internal Server Error: /api/core/register/
Traceback (most recent call last):
  File "C:\Users\KogSa\AppData\Local\pypoetry\Cache\virtualenvs\jumys-Y4X2CG5X-py3.12\Lib\site-packages\django\template\backends\django.py", line 107, in render
    return self.template.render(context)
           ^^^^^^^^^^^^^^^^^^^^^^^^^^^^^
  File "C:\Users\KogSa\AppData\Local\pypoetry\Cache\virtualenvs\jumys-Y4X2CG5X-py3.12\Lib\site-packages\django\template\base.py", line 171, in render
    return self._render(context)
           ^^^^^^^^^^^^^^^^^^^^^
  File "C:\Users\KogSa\AppData\Local\pypoetry\Cache\virtualenvs\jumys-Y4X2CG5X-py3.12\Lib\site-packages\django\template\base.py", line 163, in _render
    return self.nodelist.render(context)
           ^^^^^^^^^^^^^^^^^^^^^^^^^^^^^
  File "C:\Users\KogSa\AppData\Local\pypoetry\Cache\virtualenvs\jumys-Y4X2CG5X-py3.12\Lib\site-packages\django\template\base.py", line 1008, in render
    return SafeString("".join([node.render_annotated(context) for node in self]))
                               ^^^^^^^^^^^^^^^^^^^^^^^^^^^^^^
  File "C:\Users\KogSa\AppData\Local\pypoetry\Cache\virtualenvs\jumys-Y4X2CG5X-py3.12\Lib\site-packages\django\template\base.py", line 969, in render_annotated
    return self.render(context)
           ^^^^^^^^^^^^^^^^^^^^
  File "C:\Users\KogSa\AppData\Local\pypoetry\Cache\virtualenvs\jumys-Y4X2CG5X-py3.12\Lib\site-packages\django\template\loader_tags.py", line 159, in render
    return compiled_parent._render(context)
           ^^^^^^^^^^^^^^^^^^^^^^^^^^^^^^^^
  File "C:\Users\KogSa\AppData\Local\pypoetry\Cache\virtualenvs\jumys-Y4X2CG5X-py3.12\Lib\site-packages\django\template\base.py", line 163, in _render
    return self.nodelist.render(context)
           ^^^^^^^^^^^^^^^^^^^^^^^^^^^^^
  File "C:\Users\KogSa\AppData\Local\pypoetry\Cache\virtualenvs\jumys-Y4X2CG5X-py3.12\Lib\site-packages\django\template\base.py", line 1008, in render
    return SafeString("".join([node.render_annotated(context) for node in self]))
                               ^^^^^^^^^^^^^^^^^^^^^^^^^^^^^^
  File "C:\Users\KogSa\AppData\Local\pypoetry\Cache\virtualenvs\jumys-Y4X2CG5X-py3.12\Lib\site-packages\django\template\base.py", line 969, in render_annotated
    return self.render(context)
           ^^^^^^^^^^^^^^^^^^^^
  File "C:\Users\KogSa\AppData\Local\pypoetry\Cache\virtualenvs\jumys-Y4X2CG5X-py3.12\Lib\site-packages\django\template\loader_tags.py", line 65, in render
    result = block.nodelist.render(context)
             ^^^^^^^^^^^^^^^^^^^^^^^^^^^^^^
  File "C:\Users\KogSa\AppData\Local\pypoetry\Cache\virtualenvs\jumys-Y4X2CG5X-py3.12\Lib\site-packages\django\template\base.py", line 1008, in render
    return SafeString("".join([node.render_annotated(context) for node in self]))
                               ^^^^^^^^^^^^^^^^^^^^^^^^^^^^^^
  File "C:\Users\KogSa\AppData\Local\pypoetry\Cache\virtualenvs\jumys-Y4X2CG5X-py3.12\Lib\site-packages\django\template\base.py", line 969, in render_annotated
    return self.render(context)
           ^^^^^^^^^^^^^^^^^^^^
  File "C:\Users\KogSa\AppData\Local\pypoetry\Cache\virtualenvs\jumys-Y4X2CG5X-py3.12\Lib\site-packages\django\template\base.py", line 1067, in render
    output = self.filter_expression.resolve(context)
             ^^^^^^^^^^^^^^^^^^^^^^^^^^^^^^^^^^^^^^^
  File "C:\Users\KogSa\AppData\Local\pypoetry\Cache\virtualenvs\jumys-Y4X2CG5X-py3.12\Lib\site-packages\django\template\base.py", line 745, in resolve
    new_obj = func(obj, *arg_vals)
              ^^^^^^^^^^^^^^^^^^^^
  File "C:\Users\KogSa\AppData\Local\pypoetry\Cache\virtualenvs\jumys-Y4X2CG5X-py3.12\Lib\site-packages\crispy_forms\templatetags\crispy_forms_filters.py", line 58, in as_crispy_form
    template = uni_form_template(template_pack)
               ^^^^^^^^^^^^^^^^^^^^^^^^^^^^^^^^
  File "C:\Users\KogSa\AppData\Local\pypoetry\Cache\virtualenvs\jumys-Y4X2CG5X-py3.12\Lib\site-packages\crispy_forms\templatetags\crispy_forms_filters.py", line 21, in uni_form_template
    return get_template("%s/uni_form.html" % template_pack)
           ^^^^^^^^^^^^^^^^^^^^^^^^^^^^^^^^^^^^^^^^^^^^^^^^
  File "C:\Users\KogSa\AppData\Local\pypoetry\Cache\virtualenvs\jumys-Y4X2CG5X-py3.12\Lib\site-packages\django\template\loader.py", line 19, in get_template
    raise TemplateDoesNotExist(template_name, chain=chain)
django.template.exceptions.TemplateDoesNotExist: bootstrap5/uni_form.html

The above exception was the direct cause of the following exception:

Traceback (most recent call last):
  File "C:\Users\KogSa\AppData\Local\pypoetry\Cache\virtualenvs\jumys-Y4X2CG5X-py3.12\Lib\site-packages\django\core\handlers\exception.py", line 55, in inner
    response = get_response(request)
               ^^^^^^^^^^^^^^^^^^^^^
  File "C:\Users\KogSa\AppData\Local\pypoetry\Cache\virtualenvs\jumys-Y4X2CG5X-py3.12\Lib\site-packages\django\core\handlers\base.py", line 197, in _get_response
    response = wrapped_callback(request, *callback_args, **callback_kwargs)
               ^^^^^^^^^^^^^^^^^^^^^^^^^^^^^^^^^^^^^^^^^^^^^^^^^^^^^^^^^^^^
  File "C:\Users\KogSa\OneDrive\Рабочий стол\projects\DjangoFall2024\Rroject\jumys\jumys\core\views.py", line 29, in register_view
    return render(request, 'register.html', {'title': 'Register'})
           ^^^^^^^^^^^^^^^^^^^^^^^^^^^^^^^^^^^^^^^^^^^^^^^^^^^^^^^
  File "C:\Users\KogSa\AppData\Local\pypoetry\Cache\virtualenvs\jumys-Y4X2CG5X-py3.12\Lib\site-packages\django\shortcuts.py", line 25, in render
    content = loader.render_to_string(template_name, context, request, using=using)
              ^^^^^^^^^^^^^^^^^^^^^^^^^^^^^^^^^^^^^^^^^^^^^^^^^^^^^^^^^^^^^^^^^^^^^
  File "C:\Users\KogSa\AppData\Local\pypoetry\Cache\virtualenvs\jumys-Y4X2CG5X-py3.12\Lib\site-packages\django\template\loader.py", line 62, in render_to_string
    return template.render(context, request)
           ^^^^^^^^^^^^^^^^^^^^^^^^^^^^^^^^^
  File "C:\Users\KogSa\AppData\Local\pypoetry\Cache\virtualenvs\jumys-Y4X2CG5X-py3.12\Lib\site-packages\django\template\backends\django.py", line 109, in render
    reraise(exc, self.backend)
  File "C:\Users\KogSa\AppData\Local\pypoetry\Cache\virtualenvs\jumys-Y4X2CG5X-py3.12\Lib\site-packages\django\template\backends\django.py", line 130, in reraise
    raise new from exc
django.template.exceptions.TemplateDoesNotExist: bootstrap5/uni_form.html
ERROR 2024-12-07 14:32:36,639 basehttp "GET /api/core/register/ HTTP/1.1" 500 175095
INFO 2024-12-07 14:33:03,341 autoreload C:\Users\KogSa\OneDrive\Рабочий стол\projects\DjangoFall2024\Rroject\jumys\jumys\jumys\settings.py changed, reloading.
INFO 2024-12-07 14:33:04,175 autoreload Watching for file changes with StatReloader
INFO 2024-12-07 14:33:09,036 autoreload Watching for file changes with StatReloader
ERROR 2024-12-07 14:33:11,761 log Internal Server Error: /api/core/register/
Traceback (most recent call last):
  File "C:\Users\KogSa\AppData\Local\pypoetry\Cache\virtualenvs\jumys-Y4X2CG5X-py3.12\Lib\site-packages\django\template\backends\django.py", line 107, in render
    return self.template.render(context)
           ^^^^^^^^^^^^^^^^^^^^^^^^^^^^^
  File "C:\Users\KogSa\AppData\Local\pypoetry\Cache\virtualenvs\jumys-Y4X2CG5X-py3.12\Lib\site-packages\django\template\base.py", line 171, in render
    return self._render(context)
           ^^^^^^^^^^^^^^^^^^^^^
  File "C:\Users\KogSa\AppData\Local\pypoetry\Cache\virtualenvs\jumys-Y4X2CG5X-py3.12\Lib\site-packages\django\template\base.py", line 163, in _render
    return self.nodelist.render(context)
           ^^^^^^^^^^^^^^^^^^^^^^^^^^^^^
  File "C:\Users\KogSa\AppData\Local\pypoetry\Cache\virtualenvs\jumys-Y4X2CG5X-py3.12\Lib\site-packages\django\template\base.py", line 1008, in render
    return SafeString("".join([node.render_annotated(context) for node in self]))
                               ^^^^^^^^^^^^^^^^^^^^^^^^^^^^^^
  File "C:\Users\KogSa\AppData\Local\pypoetry\Cache\virtualenvs\jumys-Y4X2CG5X-py3.12\Lib\site-packages\django\template\base.py", line 969, in render_annotated
    return self.render(context)
           ^^^^^^^^^^^^^^^^^^^^
  File "C:\Users\KogSa\AppData\Local\pypoetry\Cache\virtualenvs\jumys-Y4X2CG5X-py3.12\Lib\site-packages\django\template\loader_tags.py", line 159, in render
    return compiled_parent._render(context)
           ^^^^^^^^^^^^^^^^^^^^^^^^^^^^^^^^
  File "C:\Users\KogSa\AppData\Local\pypoetry\Cache\virtualenvs\jumys-Y4X2CG5X-py3.12\Lib\site-packages\django\template\base.py", line 163, in _render
    return self.nodelist.render(context)
           ^^^^^^^^^^^^^^^^^^^^^^^^^^^^^
  File "C:\Users\KogSa\AppData\Local\pypoetry\Cache\virtualenvs\jumys-Y4X2CG5X-py3.12\Lib\site-packages\django\template\base.py", line 1008, in render
    return SafeString("".join([node.render_annotated(context) for node in self]))
                               ^^^^^^^^^^^^^^^^^^^^^^^^^^^^^^
  File "C:\Users\KogSa\AppData\Local\pypoetry\Cache\virtualenvs\jumys-Y4X2CG5X-py3.12\Lib\site-packages\django\template\base.py", line 969, in render_annotated
    return self.render(context)
           ^^^^^^^^^^^^^^^^^^^^
  File "C:\Users\KogSa\AppData\Local\pypoetry\Cache\virtualenvs\jumys-Y4X2CG5X-py3.12\Lib\site-packages\django\template\loader_tags.py", line 65, in render
    result = block.nodelist.render(context)
             ^^^^^^^^^^^^^^^^^^^^^^^^^^^^^^
  File "C:\Users\KogSa\AppData\Local\pypoetry\Cache\virtualenvs\jumys-Y4X2CG5X-py3.12\Lib\site-packages\django\template\base.py", line 1008, in render
    return SafeString("".join([node.render_annotated(context) for node in self]))
                               ^^^^^^^^^^^^^^^^^^^^^^^^^^^^^^
  File "C:\Users\KogSa\AppData\Local\pypoetry\Cache\virtualenvs\jumys-Y4X2CG5X-py3.12\Lib\site-packages\django\template\base.py", line 969, in render_annotated
    return self.render(context)
           ^^^^^^^^^^^^^^^^^^^^
  File "C:\Users\KogSa\AppData\Local\pypoetry\Cache\virtualenvs\jumys-Y4X2CG5X-py3.12\Lib\site-packages\django\template\base.py", line 1067, in render
    output = self.filter_expression.resolve(context)
             ^^^^^^^^^^^^^^^^^^^^^^^^^^^^^^^^^^^^^^^
  File "C:\Users\KogSa\AppData\Local\pypoetry\Cache\virtualenvs\jumys-Y4X2CG5X-py3.12\Lib\site-packages\django\template\base.py", line 745, in resolve
    new_obj = func(obj, *arg_vals)
              ^^^^^^^^^^^^^^^^^^^^
  File "C:\Users\KogSa\AppData\Local\pypoetry\Cache\virtualenvs\jumys-Y4X2CG5X-py3.12\Lib\site-packages\crispy_forms\templatetags\crispy_forms_filters.py", line 58, in as_crispy_form
    template = uni_form_template(template_pack)
               ^^^^^^^^^^^^^^^^^^^^^^^^^^^^^^^^
  File "C:\Users\KogSa\AppData\Local\pypoetry\Cache\virtualenvs\jumys-Y4X2CG5X-py3.12\Lib\site-packages\crispy_forms\templatetags\crispy_forms_filters.py", line 21, in uni_form_template
    return get_template("%s/uni_form.html" % template_pack)
           ^^^^^^^^^^^^^^^^^^^^^^^^^^^^^^^^^^^^^^^^^^^^^^^^
  File "C:\Users\KogSa\AppData\Local\pypoetry\Cache\virtualenvs\jumys-Y4X2CG5X-py3.12\Lib\site-packages\django\template\loader.py", line 19, in get_template
    raise TemplateDoesNotExist(template_name, chain=chain)
django.template.exceptions.TemplateDoesNotExist: bootstrap4/uni_form.html

The above exception was the direct cause of the following exception:

Traceback (most recent call last):
  File "C:\Users\KogSa\AppData\Local\pypoetry\Cache\virtualenvs\jumys-Y4X2CG5X-py3.12\Lib\site-packages\django\core\handlers\exception.py", line 55, in inner
    response = get_response(request)
               ^^^^^^^^^^^^^^^^^^^^^
  File "C:\Users\KogSa\AppData\Local\pypoetry\Cache\virtualenvs\jumys-Y4X2CG5X-py3.12\Lib\site-packages\django\core\handlers\base.py", line 197, in _get_response
    response = wrapped_callback(request, *callback_args, **callback_kwargs)
               ^^^^^^^^^^^^^^^^^^^^^^^^^^^^^^^^^^^^^^^^^^^^^^^^^^^^^^^^^^^^
  File "C:\Users\KogSa\OneDrive\Рабочий стол\projects\DjangoFall2024\Rroject\jumys\jumys\core\views.py", line 29, in register_view
    return render(request, 'register.html', {'title': 'Register'})
           ^^^^^^^^^^^^^^^^^^^^^^^^^^^^^^^^^^^^^^^^^^^^^^^^^^^^^^^
  File "C:\Users\KogSa\AppData\Local\pypoetry\Cache\virtualenvs\jumys-Y4X2CG5X-py3.12\Lib\site-packages\django\shortcuts.py", line 25, in render
    content = loader.render_to_string(template_name, context, request, using=using)
              ^^^^^^^^^^^^^^^^^^^^^^^^^^^^^^^^^^^^^^^^^^^^^^^^^^^^^^^^^^^^^^^^^^^^^
  File "C:\Users\KogSa\AppData\Local\pypoetry\Cache\virtualenvs\jumys-Y4X2CG5X-py3.12\Lib\site-packages\django\template\loader.py", line 62, in render_to_string
    return template.render(context, request)
           ^^^^^^^^^^^^^^^^^^^^^^^^^^^^^^^^^
  File "C:\Users\KogSa\AppData\Local\pypoetry\Cache\virtualenvs\jumys-Y4X2CG5X-py3.12\Lib\site-packages\django\template\backends\django.py", line 109, in render
    reraise(exc, self.backend)
  File "C:\Users\KogSa\AppData\Local\pypoetry\Cache\virtualenvs\jumys-Y4X2CG5X-py3.12\Lib\site-packages\django\template\backends\django.py", line 130, in reraise
    raise new from exc
django.template.exceptions.TemplateDoesNotExist: bootstrap4/uni_form.html
ERROR 2024-12-07 14:33:11,769 basehttp "GET /api/core/register/ HTTP/1.1" 500 175811
ERROR 2024-12-07 14:33:12,923 log Internal Server Error: /api/core/register/
Traceback (most recent call last):
  File "C:\Users\KogSa\AppData\Local\pypoetry\Cache\virtualenvs\jumys-Y4X2CG5X-py3.12\Lib\site-packages\django\template\backends\django.py", line 107, in render
    return self.template.render(context)
           ^^^^^^^^^^^^^^^^^^^^^^^^^^^^^
  File "C:\Users\KogSa\AppData\Local\pypoetry\Cache\virtualenvs\jumys-Y4X2CG5X-py3.12\Lib\site-packages\django\template\base.py", line 171, in render
    return self._render(context)
           ^^^^^^^^^^^^^^^^^^^^^
  File "C:\Users\KogSa\AppData\Local\pypoetry\Cache\virtualenvs\jumys-Y4X2CG5X-py3.12\Lib\site-packages\django\template\base.py", line 163, in _render
    return self.nodelist.render(context)
           ^^^^^^^^^^^^^^^^^^^^^^^^^^^^^
  File "C:\Users\KogSa\AppData\Local\pypoetry\Cache\virtualenvs\jumys-Y4X2CG5X-py3.12\Lib\site-packages\django\template\base.py", line 1008, in render
    return SafeString("".join([node.render_annotated(context) for node in self]))
                               ^^^^^^^^^^^^^^^^^^^^^^^^^^^^^^
  File "C:\Users\KogSa\AppData\Local\pypoetry\Cache\virtualenvs\jumys-Y4X2CG5X-py3.12\Lib\site-packages\django\template\base.py", line 969, in render_annotated
    return self.render(context)
           ^^^^^^^^^^^^^^^^^^^^
  File "C:\Users\KogSa\AppData\Local\pypoetry\Cache\virtualenvs\jumys-Y4X2CG5X-py3.12\Lib\site-packages\django\template\loader_tags.py", line 159, in render
    return compiled_parent._render(context)
           ^^^^^^^^^^^^^^^^^^^^^^^^^^^^^^^^
  File "C:\Users\KogSa\AppData\Local\pypoetry\Cache\virtualenvs\jumys-Y4X2CG5X-py3.12\Lib\site-packages\django\template\base.py", line 163, in _render
    return self.nodelist.render(context)
           ^^^^^^^^^^^^^^^^^^^^^^^^^^^^^
  File "C:\Users\KogSa\AppData\Local\pypoetry\Cache\virtualenvs\jumys-Y4X2CG5X-py3.12\Lib\site-packages\django\template\base.py", line 1008, in render
    return SafeString("".join([node.render_annotated(context) for node in self]))
                               ^^^^^^^^^^^^^^^^^^^^^^^^^^^^^^
  File "C:\Users\KogSa\AppData\Local\pypoetry\Cache\virtualenvs\jumys-Y4X2CG5X-py3.12\Lib\site-packages\django\template\base.py", line 969, in render_annotated
    return self.render(context)
           ^^^^^^^^^^^^^^^^^^^^
  File "C:\Users\KogSa\AppData\Local\pypoetry\Cache\virtualenvs\jumys-Y4X2CG5X-py3.12\Lib\site-packages\django\template\loader_tags.py", line 65, in render
    result = block.nodelist.render(context)
             ^^^^^^^^^^^^^^^^^^^^^^^^^^^^^^
  File "C:\Users\KogSa\AppData\Local\pypoetry\Cache\virtualenvs\jumys-Y4X2CG5X-py3.12\Lib\site-packages\django\template\base.py", line 1008, in render
    return SafeString("".join([node.render_annotated(context) for node in self]))
                               ^^^^^^^^^^^^^^^^^^^^^^^^^^^^^^
  File "C:\Users\KogSa\AppData\Local\pypoetry\Cache\virtualenvs\jumys-Y4X2CG5X-py3.12\Lib\site-packages\django\template\base.py", line 969, in render_annotated
    return self.render(context)
           ^^^^^^^^^^^^^^^^^^^^
  File "C:\Users\KogSa\AppData\Local\pypoetry\Cache\virtualenvs\jumys-Y4X2CG5X-py3.12\Lib\site-packages\django\template\base.py", line 1067, in render
    output = self.filter_expression.resolve(context)
             ^^^^^^^^^^^^^^^^^^^^^^^^^^^^^^^^^^^^^^^
  File "C:\Users\KogSa\AppData\Local\pypoetry\Cache\virtualenvs\jumys-Y4X2CG5X-py3.12\Lib\site-packages\django\template\base.py", line 745, in resolve
    new_obj = func(obj, *arg_vals)
              ^^^^^^^^^^^^^^^^^^^^
  File "C:\Users\KogSa\AppData\Local\pypoetry\Cache\virtualenvs\jumys-Y4X2CG5X-py3.12\Lib\site-packages\crispy_forms\templatetags\crispy_forms_filters.py", line 58, in as_crispy_form
    template = uni_form_template(template_pack)
               ^^^^^^^^^^^^^^^^^^^^^^^^^^^^^^^^
  File "C:\Users\KogSa\AppData\Local\pypoetry\Cache\virtualenvs\jumys-Y4X2CG5X-py3.12\Lib\site-packages\crispy_forms\templatetags\crispy_forms_filters.py", line 21, in uni_form_template
    return get_template("%s/uni_form.html" % template_pack)
           ^^^^^^^^^^^^^^^^^^^^^^^^^^^^^^^^^^^^^^^^^^^^^^^^
  File "C:\Users\KogSa\AppData\Local\pypoetry\Cache\virtualenvs\jumys-Y4X2CG5X-py3.12\Lib\site-packages\django\template\loader.py", line 19, in get_template
    raise TemplateDoesNotExist(template_name, chain=chain)
django.template.exceptions.TemplateDoesNotExist: bootstrap4/uni_form.html

The above exception was the direct cause of the following exception:

Traceback (most recent call last):
  File "C:\Users\KogSa\AppData\Local\pypoetry\Cache\virtualenvs\jumys-Y4X2CG5X-py3.12\Lib\site-packages\django\core\handlers\exception.py", line 55, in inner
    response = get_response(request)
               ^^^^^^^^^^^^^^^^^^^^^
  File "C:\Users\KogSa\AppData\Local\pypoetry\Cache\virtualenvs\jumys-Y4X2CG5X-py3.12\Lib\site-packages\django\core\handlers\base.py", line 197, in _get_response
    response = wrapped_callback(request, *callback_args, **callback_kwargs)
               ^^^^^^^^^^^^^^^^^^^^^^^^^^^^^^^^^^^^^^^^^^^^^^^^^^^^^^^^^^^^
  File "C:\Users\KogSa\OneDrive\Рабочий стол\projects\DjangoFall2024\Rroject\jumys\jumys\core\views.py", line 29, in register_view
    return render(request, 'register.html', {'title': 'Register'})
           ^^^^^^^^^^^^^^^^^^^^^^^^^^^^^^^^^^^^^^^^^^^^^^^^^^^^^^^
  File "C:\Users\KogSa\AppData\Local\pypoetry\Cache\virtualenvs\jumys-Y4X2CG5X-py3.12\Lib\site-packages\django\shortcuts.py", line 25, in render
    content = loader.render_to_string(template_name, context, request, using=using)
              ^^^^^^^^^^^^^^^^^^^^^^^^^^^^^^^^^^^^^^^^^^^^^^^^^^^^^^^^^^^^^^^^^^^^^
  File "C:\Users\KogSa\AppData\Local\pypoetry\Cache\virtualenvs\jumys-Y4X2CG5X-py3.12\Lib\site-packages\django\template\loader.py", line 62, in render_to_string
    return template.render(context, request)
           ^^^^^^^^^^^^^^^^^^^^^^^^^^^^^^^^^
  File "C:\Users\KogSa\AppData\Local\pypoetry\Cache\virtualenvs\jumys-Y4X2CG5X-py3.12\Lib\site-packages\django\template\backends\django.py", line 109, in render
    reraise(exc, self.backend)
  File "C:\Users\KogSa\AppData\Local\pypoetry\Cache\virtualenvs\jumys-Y4X2CG5X-py3.12\Lib\site-packages\django\template\backends\django.py", line 130, in reraise
    raise new from exc
django.template.exceptions.TemplateDoesNotExist: bootstrap4/uni_form.html
ERROR 2024-12-07 14:33:12,930 basehttp "GET /api/core/register/ HTTP/1.1" 500 175811
INFO 2024-12-07 14:36:27,884 autoreload C:\Users\KogSa\OneDrive\Рабочий стол\projects\DjangoFall2024\Rroject\jumys\jumys\jumys\settings.py changed, reloading.
INFO 2024-12-07 14:36:28,739 autoreload Watching for file changes with StatReloader
INFO 2024-12-07 14:36:32,856 basehttp "GET /api/core/register/ HTTP/1.1" 200 3705
INFO 2024-12-07 14:36:34,522 basehttp "POST /api/core/register/ HTTP/1.1" 200 3705
INFO 2024-12-07 14:36:35,083 basehttp "POST /api/core/register/ HTTP/1.1" 200 3705
INFO 2024-12-07 14:36:35,845 basehttp "GET /api/core/register/ HTTP/1.1" 200 3705
INFO 2024-12-07 14:36:36,060 basehttp "GET /api/core/login/ HTTP/1.1" 200 4067
INFO 2024-12-07 14:36:36,541 basehttp "GET /api/core/register/ HTTP/1.1" 200 3705
INFO 2024-12-07 14:36:40,729 basehttp "GET /api/core/login/ HTTP/1.1" 200 4067
INFO 2024-12-07 14:36:41,055 basehttp "GET /api/core/register/ HTTP/1.1" 200 3705
INFO 2024-12-07 14:41:12,064 basehttp "GET /api/core/register/ HTTP/1.1" 200 3835
INFO 2024-12-07 14:41:13,496 basehttp "GET /api/core/login/ HTTP/1.1" 200 4067
INFO 2024-12-07 14:41:14,159 basehttp "GET /api/core/register/ HTTP/1.1" 200 3835
INFO 2024-12-07 14:43:41,719 autoreload C:\Users\KogSa\OneDrive\Рабочий стол\projects\DjangoFall2024\Rroject\jumys\jumys\core\views.py changed, reloading.
INFO 2024-12-07 14:43:42,574 autoreload Watching for file changes with StatReloader
INFO 2024-12-07 14:44:07,249 basehttp "GET /api/core/register/ HTTP/1.1" 200 4166
INFO 2024-12-07 14:44:16,469 basehttp "POST /api/core/register/ HTTP/1.1" 302 0
INFO 2024-12-07 14:44:16,474 basehttp "GET /api/core/login/ HTTP/1.1" 200 4357
INFO 2024-12-07 14:44:19,054 basehttp "GET /api/core/register/ HTTP/1.1" 200 4166
INFO 2024-12-07 14:44:22,091 basehttp "GET /api/core/login/ HTTP/1.1" 200 4067
INFO 2024-12-07 14:44:23,506 basehttp "POST /api/core/login/ HTTP/1.1" 302 0
INFO 2024-12-07 14:44:23,516 basehttp "GET /api/core/ HTTP/1.1" 200 4094
INFO 2024-12-07 14:44:27,310 basehttp "GET /api/core/ HTTP/1.1" 200 3805
ERROR 2024-12-07 14:44:27,940 log Internal Server Error: /api/core/post/
Traceback (most recent call last):
  File "C:\Users\KogSa\AppData\Local\pypoetry\Cache\virtualenvs\jumys-Y4X2CG5X-py3.12\Lib\site-packages\django\core\handlers\exception.py", line 55, in inner
    response = get_response(request)
               ^^^^^^^^^^^^^^^^^^^^^
  File "C:\Users\KogSa\AppData\Local\pypoetry\Cache\virtualenvs\jumys-Y4X2CG5X-py3.12\Lib\site-packages\django\core\handlers\base.py", line 197, in _get_response
    response = wrapped_callback(request, *callback_args, **callback_kwargs)
               ^^^^^^^^^^^^^^^^^^^^^^^^^^^^^^^^^^^^^^^^^^^^^^^^^^^^^^^^^^^^
  File "C:\Users\KogSa\AppData\Local\pypoetry\Cache\virtualenvs\jumys-Y4X2CG5X-py3.12\Lib\site-packages\django\contrib\auth\decorators.py", line 60, in _view_wrapper
    return view_func(request, *args, **kwargs)
           ^^^^^^^^^^^^^^^^^^^^^^^^^^^^^^^^^^^
  File "C:\Users\KogSa\OneDrive\Рабочий стол\projects\DjangoFall2024\Rroject\jumys\jumys\core\views.py", line 60, in post_view
    return render(request, 'post.html', {'title': 'Create Post'})
           ^^^^^^^^^^^^^^^^^^^^^^^^^^^^^^^^^^^^^^^^^^^^^^^^^^^^^^
  File "C:\Users\KogSa\AppData\Local\pypoetry\Cache\virtualenvs\jumys-Y4X2CG5X-py3.12\Lib\site-packages\django\shortcuts.py", line 25, in render
    content = loader.render_to_string(template_name, context, request, using=using)
              ^^^^^^^^^^^^^^^^^^^^^^^^^^^^^^^^^^^^^^^^^^^^^^^^^^^^^^^^^^^^^^^^^^^^^
  File "C:\Users\KogSa\AppData\Local\pypoetry\Cache\virtualenvs\jumys-Y4X2CG5X-py3.12\Lib\site-packages\django\template\loader.py", line 61, in render_to_string
    template = get_template(template_name, using=using)
               ^^^^^^^^^^^^^^^^^^^^^^^^^^^^^^^^^^^^^^^^
  File "C:\Users\KogSa\AppData\Local\pypoetry\Cache\virtualenvs\jumys-Y4X2CG5X-py3.12\Lib\site-packages\django\template\loader.py", line 15, in get_template
    return engine.get_template(template_name)
           ^^^^^^^^^^^^^^^^^^^^^^^^^^^^^^^^^^
  File "C:\Users\KogSa\AppData\Local\pypoetry\Cache\virtualenvs\jumys-Y4X2CG5X-py3.12\Lib\site-packages\django\template\backends\django.py", line 79, in get_template
    return Template(self.engine.get_template(template_name), self)
                    ^^^^^^^^^^^^^^^^^^^^^^^^^^^^^^^^^^^^^^^
  File "C:\Users\KogSa\AppData\Local\pypoetry\Cache\virtualenvs\jumys-Y4X2CG5X-py3.12\Lib\site-packages\django\template\engine.py", line 177, in get_template
    template, origin = self.find_template(template_name)
                       ^^^^^^^^^^^^^^^^^^^^^^^^^^^^^^^^^
  File "C:\Users\KogSa\AppData\Local\pypoetry\Cache\virtualenvs\jumys-Y4X2CG5X-py3.12\Lib\site-packages\django\template\engine.py", line 159, in find_template
    template = loader.get_template(name, skip=skip)
               ^^^^^^^^^^^^^^^^^^^^^^^^^^^^^^^^^^^^
  File "C:\Users\KogSa\AppData\Local\pypoetry\Cache\virtualenvs\jumys-Y4X2CG5X-py3.12\Lib\site-packages\django\template\loaders\cached.py", line 57, in get_template
    template = super().get_template(template_name, skip)
               ^^^^^^^^^^^^^^^^^^^^^^^^^^^^^^^^^^^^^^^^^
  File "C:\Users\KogSa\AppData\Local\pypoetry\Cache\virtualenvs\jumys-Y4X2CG5X-py3.12\Lib\site-packages\django\template\loaders\base.py", line 28, in get_template
    return Template(
           ^^^^^^^^^
  File "C:\Users\KogSa\AppData\Local\pypoetry\Cache\virtualenvs\jumys-Y4X2CG5X-py3.12\Lib\site-packages\django\template\base.py", line 154, in __init__
    self.nodelist = self.compile_nodelist()
                    ^^^^^^^^^^^^^^^^^^^^^^^
  File "C:\Users\KogSa\AppData\Local\pypoetry\Cache\virtualenvs\jumys-Y4X2CG5X-py3.12\Lib\site-packages\django\template\base.py", line 196, in compile_nodelist
    nodelist = parser.parse()
               ^^^^^^^^^^^^^^
  File "C:\Users\KogSa\AppData\Local\pypoetry\Cache\virtualenvs\jumys-Y4X2CG5X-py3.12\Lib\site-packages\django\template\base.py", line 518, in parse
    raise self.error(token, e)
  File "C:\Users\KogSa\AppData\Local\pypoetry\Cache\virtualenvs\jumys-Y4X2CG5X-py3.12\Lib\site-packages\django\template\base.py", line 516, in parse
    compiled_result = compile_func(self, token)
                      ^^^^^^^^^^^^^^^^^^^^^^^^^
  File "C:\Users\KogSa\AppData\Local\pypoetry\Cache\virtualenvs\jumys-Y4X2CG5X-py3.12\Lib\site-packages\django\template\loader_tags.py", line 295, in do_extends
    nodelist = parser.parse()
               ^^^^^^^^^^^^^^
  File "C:\Users\KogSa\AppData\Local\pypoetry\Cache\virtualenvs\jumys-Y4X2CG5X-py3.12\Lib\site-packages\django\template\base.py", line 518, in parse
    raise self.error(token, e)
  File "C:\Users\KogSa\AppData\Local\pypoetry\Cache\virtualenvs\jumys-Y4X2CG5X-py3.12\Lib\site-packages\django\template\base.py", line 516, in parse
    compiled_result = compile_func(self, token)
                      ^^^^^^^^^^^^^^^^^^^^^^^^^
  File "C:\Users\KogSa\AppData\Local\pypoetry\Cache\virtualenvs\jumys-Y4X2CG5X-py3.12\Lib\site-packages\django\template\loader_tags.py", line 234, in do_block
    nodelist = parser.parse(("endblock",))
               ^^^^^^^^^^^^^^^^^^^^^^^^^^^
  File "C:\Users\KogSa\AppData\Local\pypoetry\Cache\virtualenvs\jumys-Y4X2CG5X-py3.12\Lib\site-packages\django\template\base.py", line 489, in parse
    raise self.error(token, e)
  File "C:\Users\KogSa\AppData\Local\pypoetry\Cache\virtualenvs\jumys-Y4X2CG5X-py3.12\Lib\site-packages\django\template\base.py", line 487, in parse
    filter_expression = self.compile_filter(token.contents)
                        ^^^^^^^^^^^^^^^^^^^^^^^^^^^^^^^^^^^
  File "C:\Users\KogSa\AppData\Local\pypoetry\Cache\virtualenvs\jumys-Y4X2CG5X-py3.12\Lib\site-packages\django\template\base.py", line 605, in compile_filter
    return FilterExpression(token, self)
           ^^^^^^^^^^^^^^^^^^^^^^^^^^^^^
  File "C:\Users\KogSa\AppData\Local\pypoetry\Cache\virtualenvs\jumys-Y4X2CG5X-py3.12\Lib\site-packages\django\template\base.py", line 701, in __init__
    filter_func = parser.find_filter(filter_name)
                  ^^^^^^^^^^^^^^^^^^^^^^^^^^^^^^^
  File "C:\Users\KogSa\AppData\Local\pypoetry\Cache\virtualenvs\jumys-Y4X2CG5X-py3.12\Lib\site-packages\django\template\base.py", line 611, in find_filter
    raise TemplateSyntaxError("Invalid filter: '%s'" % filter_name)
django.template.exceptions.TemplateSyntaxError: Invalid filter: 'crispy'
ERROR 2024-12-07 14:44:27,948 basehttp "GET /api/core/post/ HTTP/1.1" 500 190089
INFO 2024-12-07 14:45:30,987 basehttp "GET /api/core/profile/ HTTP/1.1" 200 3889
INFO 2024-12-07 14:45:34,595 basehttp "GET /api/core/ HTTP/1.1" 200 3805
INFO 2024-12-07 14:50:27,130 autoreload C:\Users\KogSa\OneDrive\Рабочий стол\projects\DjangoFall2024\Rroject\jumys\jumys\core\views.py changed, reloading.
INFO 2024-12-07 14:50:28,004 autoreload Watching for file changes with StatReloader
INFO 2024-12-07 14:50:44,333 autoreload C:\Users\KogSa\OneDrive\Рабочий стол\projects\DjangoFall2024\Rroject\jumys\jumys\core\views.py changed, reloading.
INFO 2024-12-07 14:50:45,111 autoreload Watching for file changes with StatReloader
INFO 2024-12-07 14:51:09,970 autoreload C:\Users\KogSa\OneDrive\Рабочий стол\projects\DjangoFall2024\Rroject\jumys\jumys\core\views.py changed, reloading.
INFO 2024-12-07 14:51:10,772 autoreload Watching for file changes with StatReloader
INFO 2024-12-07 14:56:55,057 autoreload C:\Users\KogSa\OneDrive\Рабочий стол\projects\DjangoFall2024\Rroject\jumys\jumys\core\views.py changed, reloading.
INFO 2024-12-07 14:56:55,915 autoreload Watching for file changes with StatReloader
INFO 2024-12-07 14:57:16,980 autoreload Watching for file changes with StatReloader
INFO 2024-12-07 14:57:35,418 autoreload C:\Users\KogSa\OneDrive\Рабочий стол\projects\DjangoFall2024\Rroject\jumys\jumys\core\forms.py changed, reloading.
INFO 2024-12-07 14:57:36,282 autoreload Watching for file changes with StatReloader
INFO 2024-12-07 14:57:39,938 basehttp "GET /api/core/ HTTP/1.1" 200 2166
INFO 2024-12-07 14:57:42,678 basehttp "GET /api/core/ HTTP/1.1" 200 2166
INFO 2024-12-07 14:57:44,218 basehttp "GET /api/core/profile/ HTTP/1.1" 200 2166
INFO 2024-12-07 14:57:45,812 basehttp "GET /api/core/ HTTP/1.1" 200 2166
INFO 2024-12-07 14:57:49,933 basehttp "GET / HTTP/1.1" 302 0
INFO 2024-12-07 14:57:49,950 basehttp "GET /api/docs/swagger/ HTTP/1.1" 200 4653
INFO 2024-12-07 14:57:50,176 basehttp "GET /api/schema/ HTTP/1.1" 200 74318
INFO 2024-12-07 14:57:56,917 basehttp "GET /api/core/ HTTP/1.1" 200 2166
WARNING 2024-12-07 14:58:03,105 log Unauthorized: /api/companies/create/
WARNING 2024-12-07 14:58:03,105 basehttp "GET /api/companies/create/ HTTP/1.1" 401 3786
INFO 2024-12-07 14:58:03,302 basehttp "GET /static/rest_framework/css/prettify.css HTTP/1.1" 200 817
INFO 2024-12-07 14:58:03,303 basehttp "GET /static/rest_framework/css/bootstrap-tweaks.css HTTP/1.1" 200 3426
INFO 2024-12-07 14:58:03,306 basehttp "GET /static/rest_framework/css/bootstrap.min.css HTTP/1.1" 200 121457
INFO 2024-12-07 14:58:03,308 basehttp "GET /static/rest_framework/css/default.css HTTP/1.1" 200 1152
INFO 2024-12-07 14:58:03,329 basehttp "GET /static/rest_framework/js/csrf.js HTTP/1.1" 200 1793
INFO 2024-12-07 14:58:03,334 basehttp "GET /static/rest_framework/js/ajax-form.js HTTP/1.1" 200 3796
INFO 2024-12-07 14:58:03,336 basehttp "GET /static/rest_framework/js/default.js HTTP/1.1" 200 1268
INFO 2024-12-07 14:58:03,342 basehttp "GET /static/rest_framework/js/load-ajax-form.js HTTP/1.1" 200 59
INFO 2024-12-07 14:58:03,345 basehttp "GET /static/rest_framework/img/grid.png HTTP/1.1" 200 1458
INFO 2024-12-07 14:58:03,368 basehttp "GET /static/rest_framework/js/bootstrap.min.js HTTP/1.1" 200 39680
INFO 2024-12-07 14:58:03,373 basehttp "GET /static/rest_framework/js/prettify-min.js HTTP/1.1" 200 13632
INFO 2024-12-07 14:58:03,383 basehttp "GET /static/rest_framework/js/jquery-3.7.1.min.js HTTP/1.1" 200 87533
WARNING 2024-12-07 14:58:06,259 log Unauthorized: /api/companies/create/
WARNING 2024-12-07 14:58:06,260 basehttp "GET /api/companies/create/ HTTP/1.1" 401 3786
INFO 2024-12-07 14:59:46,045 basehttp "GET /api/core/ HTTP/1.1" 200 2166
ERROR 2024-12-07 14:59:46,658 log Internal Server Error: /api/core/post/
Traceback (most recent call last):
  File "C:\Users\KogSa\AppData\Local\pypoetry\Cache\virtualenvs\jumys-Y4X2CG5X-py3.12\Lib\site-packages\django\core\handlers\exception.py", line 55, in inner
    response = get_response(request)
               ^^^^^^^^^^^^^^^^^^^^^
  File "C:\Users\KogSa\AppData\Local\pypoetry\Cache\virtualenvs\jumys-Y4X2CG5X-py3.12\Lib\site-packages\django\core\handlers\base.py", line 197, in _get_response
    response = wrapped_callback(request, *callback_args, **callback_kwargs)
               ^^^^^^^^^^^^^^^^^^^^^^^^^^^^^^^^^^^^^^^^^^^^^^^^^^^^^^^^^^^^
  File "C:\Users\KogSa\AppData\Local\pypoetry\Cache\virtualenvs\jumys-Y4X2CG5X-py3.12\Lib\site-packages\django\contrib\auth\decorators.py", line 60, in _view_wrapper
    return view_func(request, *args, **kwargs)
           ^^^^^^^^^^^^^^^^^^^^^^^^^^^^^^^^^^^
  File "C:\Users\KogSa\OneDrive\Рабочий стол\projects\DjangoFall2024\Rroject\jumys\jumys\core\views.py", line 66, in post_view
    return render(request, 'post.html', {'title': 'Create Post'})
           ^^^^^^^^^^^^^^^^^^^^^^^^^^^^^^^^^^^^^^^^^^^^^^^^^^^^^^
  File "C:\Users\KogSa\AppData\Local\pypoetry\Cache\virtualenvs\jumys-Y4X2CG5X-py3.12\Lib\site-packages\django\shortcuts.py", line 25, in render
    content = loader.render_to_string(template_name, context, request, using=using)
              ^^^^^^^^^^^^^^^^^^^^^^^^^^^^^^^^^^^^^^^^^^^^^^^^^^^^^^^^^^^^^^^^^^^^^
  File "C:\Users\KogSa\AppData\Local\pypoetry\Cache\virtualenvs\jumys-Y4X2CG5X-py3.12\Lib\site-packages\django\template\loader.py", line 61, in render_to_string
    template = get_template(template_name, using=using)
               ^^^^^^^^^^^^^^^^^^^^^^^^^^^^^^^^^^^^^^^^
  File "C:\Users\KogSa\AppData\Local\pypoetry\Cache\virtualenvs\jumys-Y4X2CG5X-py3.12\Lib\site-packages\django\template\loader.py", line 15, in get_template
    return engine.get_template(template_name)
           ^^^^^^^^^^^^^^^^^^^^^^^^^^^^^^^^^^
  File "C:\Users\KogSa\AppData\Local\pypoetry\Cache\virtualenvs\jumys-Y4X2CG5X-py3.12\Lib\site-packages\django\template\backends\django.py", line 79, in get_template
    return Template(self.engine.get_template(template_name), self)
                    ^^^^^^^^^^^^^^^^^^^^^^^^^^^^^^^^^^^^^^^
  File "C:\Users\KogSa\AppData\Local\pypoetry\Cache\virtualenvs\jumys-Y4X2CG5X-py3.12\Lib\site-packages\django\template\engine.py", line 177, in get_template
    template, origin = self.find_template(template_name)
                       ^^^^^^^^^^^^^^^^^^^^^^^^^^^^^^^^^
  File "C:\Users\KogSa\AppData\Local\pypoetry\Cache\virtualenvs\jumys-Y4X2CG5X-py3.12\Lib\site-packages\django\template\engine.py", line 159, in find_template
    template = loader.get_template(name, skip=skip)
               ^^^^^^^^^^^^^^^^^^^^^^^^^^^^^^^^^^^^
  File "C:\Users\KogSa\AppData\Local\pypoetry\Cache\virtualenvs\jumys-Y4X2CG5X-py3.12\Lib\site-packages\django\template\loaders\cached.py", line 57, in get_template
    template = super().get_template(template_name, skip)
               ^^^^^^^^^^^^^^^^^^^^^^^^^^^^^^^^^^^^^^^^^
  File "C:\Users\KogSa\AppData\Local\pypoetry\Cache\virtualenvs\jumys-Y4X2CG5X-py3.12\Lib\site-packages\django\template\loaders\base.py", line 28, in get_template
    return Template(
           ^^^^^^^^^
  File "C:\Users\KogSa\AppData\Local\pypoetry\Cache\virtualenvs\jumys-Y4X2CG5X-py3.12\Lib\site-packages\django\template\base.py", line 154, in __init__
    self.nodelist = self.compile_nodelist()
                    ^^^^^^^^^^^^^^^^^^^^^^^
  File "C:\Users\KogSa\AppData\Local\pypoetry\Cache\virtualenvs\jumys-Y4X2CG5X-py3.12\Lib\site-packages\django\template\base.py", line 196, in compile_nodelist
    nodelist = parser.parse()
               ^^^^^^^^^^^^^^
  File "C:\Users\KogSa\AppData\Local\pypoetry\Cache\virtualenvs\jumys-Y4X2CG5X-py3.12\Lib\site-packages\django\template\base.py", line 518, in parse
    raise self.error(token, e)
  File "C:\Users\KogSa\AppData\Local\pypoetry\Cache\virtualenvs\jumys-Y4X2CG5X-py3.12\Lib\site-packages\django\template\base.py", line 516, in parse
    compiled_result = compile_func(self, token)
                      ^^^^^^^^^^^^^^^^^^^^^^^^^
  File "C:\Users\KogSa\AppData\Local\pypoetry\Cache\virtualenvs\jumys-Y4X2CG5X-py3.12\Lib\site-packages\django\template\loader_tags.py", line 295, in do_extends
    nodelist = parser.parse()
               ^^^^^^^^^^^^^^
  File "C:\Users\KogSa\AppData\Local\pypoetry\Cache\virtualenvs\jumys-Y4X2CG5X-py3.12\Lib\site-packages\django\template\base.py", line 518, in parse
    raise self.error(token, e)
  File "C:\Users\KogSa\AppData\Local\pypoetry\Cache\virtualenvs\jumys-Y4X2CG5X-py3.12\Lib\site-packages\django\template\base.py", line 516, in parse
    compiled_result = compile_func(self, token)
                      ^^^^^^^^^^^^^^^^^^^^^^^^^
  File "C:\Users\KogSa\AppData\Local\pypoetry\Cache\virtualenvs\jumys-Y4X2CG5X-py3.12\Lib\site-packages\django\template\loader_tags.py", line 234, in do_block
    nodelist = parser.parse(("endblock",))
               ^^^^^^^^^^^^^^^^^^^^^^^^^^^
  File "C:\Users\KogSa\AppData\Local\pypoetry\Cache\virtualenvs\jumys-Y4X2CG5X-py3.12\Lib\site-packages\django\template\base.py", line 489, in parse
    raise self.error(token, e)
  File "C:\Users\KogSa\AppData\Local\pypoetry\Cache\virtualenvs\jumys-Y4X2CG5X-py3.12\Lib\site-packages\django\template\base.py", line 487, in parse
    filter_expression = self.compile_filter(token.contents)
                        ^^^^^^^^^^^^^^^^^^^^^^^^^^^^^^^^^^^
  File "C:\Users\KogSa\AppData\Local\pypoetry\Cache\virtualenvs\jumys-Y4X2CG5X-py3.12\Lib\site-packages\django\template\base.py", line 605, in compile_filter
    return FilterExpression(token, self)
           ^^^^^^^^^^^^^^^^^^^^^^^^^^^^^
  File "C:\Users\KogSa\AppData\Local\pypoetry\Cache\virtualenvs\jumys-Y4X2CG5X-py3.12\Lib\site-packages\django\template\base.py", line 701, in __init__
    filter_func = parser.find_filter(filter_name)
                  ^^^^^^^^^^^^^^^^^^^^^^^^^^^^^^^
  File "C:\Users\KogSa\AppData\Local\pypoetry\Cache\virtualenvs\jumys-Y4X2CG5X-py3.12\Lib\site-packages\django\template\base.py", line 611, in find_filter
    raise TemplateSyntaxError("Invalid filter: '%s'" % filter_name)
django.template.exceptions.TemplateSyntaxError: Invalid filter: 'crispy'
ERROR 2024-12-07 14:59:46,667 basehttp "GET /api/core/post/ HTTP/1.1" 500 191077
INFO 2024-12-07 14:59:51,761 basehttp "GET /api/core/profile/ HTTP/1.1" 200 2166
INFO 2024-12-07 14:59:52,890 basehttp "GET /api/core/profile/ HTTP/1.1" 200 2166
INFO 2024-12-07 14:59:53,024 basehttp "GET /api/core/profile/ HTTP/1.1" 200 2166
INFO 2024-12-07 14:59:53,153 basehttp "GET /api/core/profile/ HTTP/1.1" 200 2166
INFO 2024-12-07 14:59:53,421 basehttp "GET /api/core/profile/ HTTP/1.1" 200 2166
INFO 2024-12-07 14:59:53,739 basehttp "GET /api/core/ HTTP/1.1" 200 2166
INFO 2024-12-07 14:59:54,081 basehttp "GET /api/core/ HTTP/1.1" 200 2166
INFO 2024-12-07 14:59:54,395 basehttp "GET /api/core/ HTTP/1.1" 200 2166
INFO 2024-12-07 14:59:54,533 basehttp "GET /api/core/ HTTP/1.1" 200 2166
INFO 2024-12-07 15:01:46,504 autoreload C:\Users\KogSa\OneDrive\Рабочий стол\projects\DjangoFall2024\Rroject\jumys\jumys\companies\models.py changed, reloading.
INFO 2024-12-07 15:01:47,352 autoreload Watching for file changes with StatReloader
INFO 2024-12-07 15:02:07,225 autoreload Watching for file changes with StatReloader
INFO 2024-12-07 15:02:53,548 basehttp "GET /api/core/ HTTP/1.1" 200 3759
ERROR 2024-12-07 15:02:56,442 log Internal Server Error: /api/core/post/
Traceback (most recent call last):
  File "C:\Users\KogSa\AppData\Local\pypoetry\Cache\virtualenvs\jumys-Y4X2CG5X-py3.12\Lib\site-packages\django\core\handlers\exception.py", line 55, in inner
    response = get_response(request)
               ^^^^^^^^^^^^^^^^^^^^^
  File "C:\Users\KogSa\AppData\Local\pypoetry\Cache\virtualenvs\jumys-Y4X2CG5X-py3.12\Lib\site-packages\django\core\handlers\base.py", line 197, in _get_response
    response = wrapped_callback(request, *callback_args, **callback_kwargs)
               ^^^^^^^^^^^^^^^^^^^^^^^^^^^^^^^^^^^^^^^^^^^^^^^^^^^^^^^^^^^^
  File "C:\Users\KogSa\AppData\Local\pypoetry\Cache\virtualenvs\jumys-Y4X2CG5X-py3.12\Lib\site-packages\django\contrib\auth\decorators.py", line 60, in _view_wrapper
    return view_func(request, *args, **kwargs)
           ^^^^^^^^^^^^^^^^^^^^^^^^^^^^^^^^^^^
  File "C:\Users\KogSa\OneDrive\Рабочий стол\projects\DjangoFall2024\Rroject\jumys\jumys\core\views.py", line 66, in post_view
    return render(request, 'post.html', {'title': 'Create Post'})
           ^^^^^^^^^^^^^^^^^^^^^^^^^^^^^^^^^^^^^^^^^^^^^^^^^^^^^^
  File "C:\Users\KogSa\AppData\Local\pypoetry\Cache\virtualenvs\jumys-Y4X2CG5X-py3.12\Lib\site-packages\django\shortcuts.py", line 25, in render
    content = loader.render_to_string(template_name, context, request, using=using)
              ^^^^^^^^^^^^^^^^^^^^^^^^^^^^^^^^^^^^^^^^^^^^^^^^^^^^^^^^^^^^^^^^^^^^^
  File "C:\Users\KogSa\AppData\Local\pypoetry\Cache\virtualenvs\jumys-Y4X2CG5X-py3.12\Lib\site-packages\django\template\loader.py", line 61, in render_to_string
    template = get_template(template_name, using=using)
               ^^^^^^^^^^^^^^^^^^^^^^^^^^^^^^^^^^^^^^^^
  File "C:\Users\KogSa\AppData\Local\pypoetry\Cache\virtualenvs\jumys-Y4X2CG5X-py3.12\Lib\site-packages\django\template\loader.py", line 15, in get_template
    return engine.get_template(template_name)
           ^^^^^^^^^^^^^^^^^^^^^^^^^^^^^^^^^^
  File "C:\Users\KogSa\AppData\Local\pypoetry\Cache\virtualenvs\jumys-Y4X2CG5X-py3.12\Lib\site-packages\django\template\backends\django.py", line 79, in get_template
    return Template(self.engine.get_template(template_name), self)
                    ^^^^^^^^^^^^^^^^^^^^^^^^^^^^^^^^^^^^^^^
  File "C:\Users\KogSa\AppData\Local\pypoetry\Cache\virtualenvs\jumys-Y4X2CG5X-py3.12\Lib\site-packages\django\template\engine.py", line 177, in get_template
    template, origin = self.find_template(template_name)
                       ^^^^^^^^^^^^^^^^^^^^^^^^^^^^^^^^^
  File "C:\Users\KogSa\AppData\Local\pypoetry\Cache\virtualenvs\jumys-Y4X2CG5X-py3.12\Lib\site-packages\django\template\engine.py", line 159, in find_template
    template = loader.get_template(name, skip=skip)
               ^^^^^^^^^^^^^^^^^^^^^^^^^^^^^^^^^^^^
  File "C:\Users\KogSa\AppData\Local\pypoetry\Cache\virtualenvs\jumys-Y4X2CG5X-py3.12\Lib\site-packages\django\template\loaders\cached.py", line 57, in get_template
    template = super().get_template(template_name, skip)
               ^^^^^^^^^^^^^^^^^^^^^^^^^^^^^^^^^^^^^^^^^
  File "C:\Users\KogSa\AppData\Local\pypoetry\Cache\virtualenvs\jumys-Y4X2CG5X-py3.12\Lib\site-packages\django\template\loaders\base.py", line 28, in get_template
    return Template(
           ^^^^^^^^^
  File "C:\Users\KogSa\AppData\Local\pypoetry\Cache\virtualenvs\jumys-Y4X2CG5X-py3.12\Lib\site-packages\django\template\base.py", line 154, in __init__
    self.nodelist = self.compile_nodelist()
                    ^^^^^^^^^^^^^^^^^^^^^^^
  File "C:\Users\KogSa\AppData\Local\pypoetry\Cache\virtualenvs\jumys-Y4X2CG5X-py3.12\Lib\site-packages\django\template\base.py", line 196, in compile_nodelist
    nodelist = parser.parse()
               ^^^^^^^^^^^^^^
  File "C:\Users\KogSa\AppData\Local\pypoetry\Cache\virtualenvs\jumys-Y4X2CG5X-py3.12\Lib\site-packages\django\template\base.py", line 518, in parse
    raise self.error(token, e)
  File "C:\Users\KogSa\AppData\Local\pypoetry\Cache\virtualenvs\jumys-Y4X2CG5X-py3.12\Lib\site-packages\django\template\base.py", line 516, in parse
    compiled_result = compile_func(self, token)
                      ^^^^^^^^^^^^^^^^^^^^^^^^^
  File "C:\Users\KogSa\AppData\Local\pypoetry\Cache\virtualenvs\jumys-Y4X2CG5X-py3.12\Lib\site-packages\django\template\loader_tags.py", line 295, in do_extends
    nodelist = parser.parse()
               ^^^^^^^^^^^^^^
  File "C:\Users\KogSa\AppData\Local\pypoetry\Cache\virtualenvs\jumys-Y4X2CG5X-py3.12\Lib\site-packages\django\template\base.py", line 518, in parse
    raise self.error(token, e)
  File "C:\Users\KogSa\AppData\Local\pypoetry\Cache\virtualenvs\jumys-Y4X2CG5X-py3.12\Lib\site-packages\django\template\base.py", line 516, in parse
    compiled_result = compile_func(self, token)
                      ^^^^^^^^^^^^^^^^^^^^^^^^^
  File "C:\Users\KogSa\AppData\Local\pypoetry\Cache\virtualenvs\jumys-Y4X2CG5X-py3.12\Lib\site-packages\django\template\loader_tags.py", line 234, in do_block
    nodelist = parser.parse(("endblock",))
               ^^^^^^^^^^^^^^^^^^^^^^^^^^^
  File "C:\Users\KogSa\AppData\Local\pypoetry\Cache\virtualenvs\jumys-Y4X2CG5X-py3.12\Lib\site-packages\django\template\base.py", line 489, in parse
    raise self.error(token, e)
  File "C:\Users\KogSa\AppData\Local\pypoetry\Cache\virtualenvs\jumys-Y4X2CG5X-py3.12\Lib\site-packages\django\template\base.py", line 487, in parse
    filter_expression = self.compile_filter(token.contents)
                        ^^^^^^^^^^^^^^^^^^^^^^^^^^^^^^^^^^^
  File "C:\Users\KogSa\AppData\Local\pypoetry\Cache\virtualenvs\jumys-Y4X2CG5X-py3.12\Lib\site-packages\django\template\base.py", line 605, in compile_filter
    return FilterExpression(token, self)
           ^^^^^^^^^^^^^^^^^^^^^^^^^^^^^
  File "C:\Users\KogSa\AppData\Local\pypoetry\Cache\virtualenvs\jumys-Y4X2CG5X-py3.12\Lib\site-packages\django\template\base.py", line 701, in __init__
    filter_func = parser.find_filter(filter_name)
                  ^^^^^^^^^^^^^^^^^^^^^^^^^^^^^^^
  File "C:\Users\KogSa\AppData\Local\pypoetry\Cache\virtualenvs\jumys-Y4X2CG5X-py3.12\Lib\site-packages\django\template\base.py", line 611, in find_filter
    raise TemplateSyntaxError("Invalid filter: '%s'" % filter_name)
django.template.exceptions.TemplateSyntaxError: Invalid filter: 'crispy'
ERROR 2024-12-07 15:02:56,451 basehttp "GET /api/core/post/ HTTP/1.1" 500 191077
INFO 2024-12-07 15:02:57,595 basehttp "GET /api/core/ HTTP/1.1" 200 3759
INFO 2024-12-07 15:02:58,129 basehttp "GET /api/core/profile/ HTTP/1.1" 200 3843
WARNING 2024-12-07 15:02:59,377 log Unauthorized: /api/companies/create/
WARNING 2024-12-07 15:02:59,377 basehttp "GET /api/companies/create/ HTTP/1.1" 401 3786
ERROR 2024-12-07 15:03:42,730 log Internal Server Error: /api/core/post/
Traceback (most recent call last):
  File "C:\Users\KogSa\AppData\Local\pypoetry\Cache\virtualenvs\jumys-Y4X2CG5X-py3.12\Lib\site-packages\django\core\handlers\exception.py", line 55, in inner
    response = get_response(request)
               ^^^^^^^^^^^^^^^^^^^^^
  File "C:\Users\KogSa\AppData\Local\pypoetry\Cache\virtualenvs\jumys-Y4X2CG5X-py3.12\Lib\site-packages\django\core\handlers\base.py", line 197, in _get_response
    response = wrapped_callback(request, *callback_args, **callback_kwargs)
               ^^^^^^^^^^^^^^^^^^^^^^^^^^^^^^^^^^^^^^^^^^^^^^^^^^^^^^^^^^^^
  File "C:\Users\KogSa\AppData\Local\pypoetry\Cache\virtualenvs\jumys-Y4X2CG5X-py3.12\Lib\site-packages\django\contrib\auth\decorators.py", line 60, in _view_wrapper
    return view_func(request, *args, **kwargs)
           ^^^^^^^^^^^^^^^^^^^^^^^^^^^^^^^^^^^
  File "C:\Users\KogSa\OneDrive\Рабочий стол\projects\DjangoFall2024\Rroject\jumys\jumys\core\views.py", line 66, in post_view
    return render(request, 'post.html', {'title': 'Create Post'})
           ^^^^^^^^^^^^^^^^^^^^^^^^^^^^^^^^^^^^^^^^^^^^^^^^^^^^^^
  File "C:\Users\KogSa\AppData\Local\pypoetry\Cache\virtualenvs\jumys-Y4X2CG5X-py3.12\Lib\site-packages\django\shortcuts.py", line 25, in render
    content = loader.render_to_string(template_name, context, request, using=using)
              ^^^^^^^^^^^^^^^^^^^^^^^^^^^^^^^^^^^^^^^^^^^^^^^^^^^^^^^^^^^^^^^^^^^^^
  File "C:\Users\KogSa\AppData\Local\pypoetry\Cache\virtualenvs\jumys-Y4X2CG5X-py3.12\Lib\site-packages\django\template\loader.py", line 61, in render_to_string
    template = get_template(template_name, using=using)
               ^^^^^^^^^^^^^^^^^^^^^^^^^^^^^^^^^^^^^^^^
  File "C:\Users\KogSa\AppData\Local\pypoetry\Cache\virtualenvs\jumys-Y4X2CG5X-py3.12\Lib\site-packages\django\template\loader.py", line 15, in get_template
    return engine.get_template(template_name)
           ^^^^^^^^^^^^^^^^^^^^^^^^^^^^^^^^^^
  File "C:\Users\KogSa\AppData\Local\pypoetry\Cache\virtualenvs\jumys-Y4X2CG5X-py3.12\Lib\site-packages\django\template\backends\django.py", line 79, in get_template
    return Template(self.engine.get_template(template_name), self)
                    ^^^^^^^^^^^^^^^^^^^^^^^^^^^^^^^^^^^^^^^
  File "C:\Users\KogSa\AppData\Local\pypoetry\Cache\virtualenvs\jumys-Y4X2CG5X-py3.12\Lib\site-packages\django\template\engine.py", line 177, in get_template
    template, origin = self.find_template(template_name)
                       ^^^^^^^^^^^^^^^^^^^^^^^^^^^^^^^^^
  File "C:\Users\KogSa\AppData\Local\pypoetry\Cache\virtualenvs\jumys-Y4X2CG5X-py3.12\Lib\site-packages\django\template\engine.py", line 159, in find_template
    template = loader.get_template(name, skip=skip)
               ^^^^^^^^^^^^^^^^^^^^^^^^^^^^^^^^^^^^
  File "C:\Users\KogSa\AppData\Local\pypoetry\Cache\virtualenvs\jumys-Y4X2CG5X-py3.12\Lib\site-packages\django\template\loaders\cached.py", line 57, in get_template
    template = super().get_template(template_name, skip)
               ^^^^^^^^^^^^^^^^^^^^^^^^^^^^^^^^^^^^^^^^^
  File "C:\Users\KogSa\AppData\Local\pypoetry\Cache\virtualenvs\jumys-Y4X2CG5X-py3.12\Lib\site-packages\django\template\loaders\base.py", line 28, in get_template
    return Template(
           ^^^^^^^^^
  File "C:\Users\KogSa\AppData\Local\pypoetry\Cache\virtualenvs\jumys-Y4X2CG5X-py3.12\Lib\site-packages\django\template\base.py", line 154, in __init__
    self.nodelist = self.compile_nodelist()
                    ^^^^^^^^^^^^^^^^^^^^^^^
  File "C:\Users\KogSa\AppData\Local\pypoetry\Cache\virtualenvs\jumys-Y4X2CG5X-py3.12\Lib\site-packages\django\template\base.py", line 196, in compile_nodelist
    nodelist = parser.parse()
               ^^^^^^^^^^^^^^
  File "C:\Users\KogSa\AppData\Local\pypoetry\Cache\virtualenvs\jumys-Y4X2CG5X-py3.12\Lib\site-packages\django\template\base.py", line 518, in parse
    raise self.error(token, e)
  File "C:\Users\KogSa\AppData\Local\pypoetry\Cache\virtualenvs\jumys-Y4X2CG5X-py3.12\Lib\site-packages\django\template\base.py", line 516, in parse
    compiled_result = compile_func(self, token)
                      ^^^^^^^^^^^^^^^^^^^^^^^^^
  File "C:\Users\KogSa\AppData\Local\pypoetry\Cache\virtualenvs\jumys-Y4X2CG5X-py3.12\Lib\site-packages\django\template\loader_tags.py", line 295, in do_extends
    nodelist = parser.parse()
               ^^^^^^^^^^^^^^
  File "C:\Users\KogSa\AppData\Local\pypoetry\Cache\virtualenvs\jumys-Y4X2CG5X-py3.12\Lib\site-packages\django\template\base.py", line 518, in parse
    raise self.error(token, e)
  File "C:\Users\KogSa\AppData\Local\pypoetry\Cache\virtualenvs\jumys-Y4X2CG5X-py3.12\Lib\site-packages\django\template\base.py", line 516, in parse
    compiled_result = compile_func(self, token)
                      ^^^^^^^^^^^^^^^^^^^^^^^^^
  File "C:\Users\KogSa\AppData\Local\pypoetry\Cache\virtualenvs\jumys-Y4X2CG5X-py3.12\Lib\site-packages\django\template\loader_tags.py", line 234, in do_block
    nodelist = parser.parse(("endblock",))
               ^^^^^^^^^^^^^^^^^^^^^^^^^^^
  File "C:\Users\KogSa\AppData\Local\pypoetry\Cache\virtualenvs\jumys-Y4X2CG5X-py3.12\Lib\site-packages\django\template\base.py", line 489, in parse
    raise self.error(token, e)
  File "C:\Users\KogSa\AppData\Local\pypoetry\Cache\virtualenvs\jumys-Y4X2CG5X-py3.12\Lib\site-packages\django\template\base.py", line 487, in parse
    filter_expression = self.compile_filter(token.contents)
                        ^^^^^^^^^^^^^^^^^^^^^^^^^^^^^^^^^^^
  File "C:\Users\KogSa\AppData\Local\pypoetry\Cache\virtualenvs\jumys-Y4X2CG5X-py3.12\Lib\site-packages\django\template\base.py", line 605, in compile_filter
    return FilterExpression(token, self)
           ^^^^^^^^^^^^^^^^^^^^^^^^^^^^^
  File "C:\Users\KogSa\AppData\Local\pypoetry\Cache\virtualenvs\jumys-Y4X2CG5X-py3.12\Lib\site-packages\django\template\base.py", line 701, in __init__
    filter_func = parser.find_filter(filter_name)
                  ^^^^^^^^^^^^^^^^^^^^^^^^^^^^^^^
  File "C:\Users\KogSa\AppData\Local\pypoetry\Cache\virtualenvs\jumys-Y4X2CG5X-py3.12\Lib\site-packages\django\template\base.py", line 611, in find_filter
    raise TemplateSyntaxError("Invalid filter: '%s'" % filter_name)
django.template.exceptions.TemplateSyntaxError: Invalid filter: 'crispy'
ERROR 2024-12-07 15:03:42,736 basehttp "GET /api/core/post/ HTTP/1.1" 500 191085
INFO 2024-12-07 15:07:50,235 autoreload Watching for file changes with StatReloader
INFO 2024-12-07 15:07:56,732 basehttp "GET /api/core/profile/ HTTP/1.1" 200 3846
INFO 2024-12-07 15:07:57,929 basehttp "GET /api/core/ HTTP/1.1" 200 3762
INFO 2024-12-07 15:07:58,886 basehttp "GET /api/core/post/ HTTP/1.1" 200 4011
INFO 2024-12-07 15:08:02,513 basehttp "GET /api/core/profile/ HTTP/1.1" 200 3846
INFO 2024-12-07 15:08:03,602 basehttp "GET /api/core/company/create/ HTTP/1.1" 200 4427
INFO 2024-12-07 15:08:09,815 basehttp "GET /api/core/company/create/ HTTP/1.1" 200 4427
INFO 2024-12-07 15:08:15,527 basehttp "GET /api/core/ HTTP/1.1" 200 3762
WARNING 2024-12-07 15:08:21,036 base Method Not Allowed (GET): /api/core/logout/
WARNING 2024-12-07 15:08:21,037 log Method Not Allowed: /api/core/logout/
WARNING 2024-12-07 15:08:21,037 basehttp "GET /api/core/logout/ HTTP/1.1" 405 0
WARNING 2024-12-07 15:08:23,385 base Method Not Allowed (GET): /api/core/logout/
WARNING 2024-12-07 15:08:23,386 log Method Not Allowed: /api/core/logout/
WARNING 2024-12-07 15:08:23,386 basehttp "GET /api/core/logout/ HTTP/1.1" 405 0
WARNING 2024-12-07 15:08:26,241 base Method Not Allowed (GET): /api/core/logout/
WARNING 2024-12-07 15:08:26,241 log Method Not Allowed: /api/core/logout/
WARNING 2024-12-07 15:08:26,242 basehttp "GET /api/core/logout/ HTTP/1.1" 405 0
WARNING 2024-12-07 15:08:27,369 base Method Not Allowed (GET): /api/core/logout/
WARNING 2024-12-07 15:08:27,369 log Method Not Allowed: /api/core/logout/
WARNING 2024-12-07 15:08:27,370 basehttp "GET /api/core/logout/ HTTP/1.1" 405 0
INFO 2024-12-07 15:11:15,885 autoreload C:\Users\KogSa\OneDrive\Рабочий стол\projects\DjangoFall2024\Rroject\jumys\jumys\core\urls.py changed, reloading.
INFO 2024-12-07 15:11:16,825 autoreload Watching for file changes with StatReloader
WARNING 2024-12-07 15:11:37,272 base Method Not Allowed (GET): /api/core/logout/
WARNING 2024-12-07 15:11:37,273 log Method Not Allowed: /api/core/logout/
WARNING 2024-12-07 15:11:37,274 basehttp "GET /api/core/logout/ HTTP/1.1" 405 0
WARNING 2024-12-07 15:11:38,963 base Method Not Allowed (GET): /api/core/logout/
WARNING 2024-12-07 15:11:38,964 log Method Not Allowed: /api/core/logout/
WARNING 2024-12-07 15:11:38,965 basehttp "GET /api/core/logout/ HTTP/1.1" 405 0
WARNING 2024-12-07 15:11:40,449 base Method Not Allowed (GET): /api/core/logout/
WARNING 2024-12-07 15:11:40,450 log Method Not Allowed: /api/core/logout/
WARNING 2024-12-07 15:11:40,451 basehttp "GET /api/core/logout/ HTTP/1.1" 405 0
INFO 2024-12-07 15:12:39,979 autoreload C:\Users\KogSa\OneDrive\Рабочий стол\projects\DjangoFall2024\Rroject\jumys\jumys\core\urls.py changed, reloading.
INFO 2024-12-07 15:12:40,827 autoreload Watching for file changes with StatReloader
INFO 2024-12-07 15:12:44,786 basehttp "GET /api/core/ HTTP/1.1" 200 4131
INFO 2024-12-07 15:12:45,604 basehttp "POST /api/core/logout/ HTTP/1.1" 302 0
INFO 2024-12-07 15:12:45,607 basehttp "GET /api/core/ HTTP/1.1" 200 3131
INFO 2024-12-07 15:12:48,337 basehttp "GET /api/core/login/ HTTP/1.1" 200 3883
INFO 2024-12-07 15:12:49,814 basehttp "POST /api/core/login/ HTTP/1.1" 302 0
INFO 2024-12-07 15:12:49,823 basehttp "GET /api/core/ HTTP/1.1" 200 4441
INFO 2024-12-07 15:13:08,611 basehttp "GET /api/core/ HTTP/1.1" 200 3762
WARNING 2024-12-07 15:13:09,432 base Method Not Allowed (GET): /api/core/logout/
WARNING 2024-12-07 15:13:09,432 log Method Not Allowed: /api/core/logout/
WARNING 2024-12-07 15:13:09,433 basehttp "GET /api/core/logout/ HTTP/1.1" 405 0
INFO 2024-12-07 15:13:11,185 basehttp "GET /api/core/ HTTP/1.1" 200 3762
WARNING 2024-12-07 15:13:11,666 base Method Not Allowed (GET): /api/core/logout/
WARNING 2024-12-07 15:13:11,666 log Method Not Allowed: /api/core/logout/
WARNING 2024-12-07 15:13:11,667 basehttp "GET /api/core/logout/ HTTP/1.1" 405 0
INFO 2024-12-07 15:14:31,028 basehttp "GET /api/core/ HTTP/1.1" 200 4187
INFO 2024-12-07 15:14:31,895 basehttp "POST /api/core/logout/ HTTP/1.1" 302 0
INFO 2024-12-07 15:14:31,900 basehttp "GET /api/core/ HTTP/1.1" 200 3160
INFO 2024-12-07 15:14:32,753 basehttp "GET /api/core/login/ HTTP/1.1" 200 3912
INFO 2024-12-07 15:14:34,187 basehttp "POST /api/core/login/ HTTP/1.1" 302 0
INFO 2024-12-07 15:14:34,195 basehttp "GET /api/core/ HTTP/1.1" 200 4497
INFO 2024-12-07 15:15:10,849 basehttp "GET /api/core/ HTTP/1.1" 200 4431
INFO 2024-12-07 15:16:05,769 basehttp "GET /api/core/ HTTP/1.1" 200 4485
INFO 2024-12-07 15:16:55,267 basehttp "GET /api/core/ HTTP/1.1" 200 4518
INFO 2024-12-07 15:16:56,672 basehttp "POST /api/core/logout/ HTTP/1.1" 302 0
INFO 2024-12-07 15:16:56,682 basehttp "GET /api/core/ HTTP/1.1" 200 3513
INFO 2024-12-07 15:16:58,050 basehttp "GET /api/core/login/ HTTP/1.1" 200 4265
INFO 2024-12-07 15:16:59,833 basehttp "POST /api/core/login/ HTTP/1.1" 302 0
INFO 2024-12-07 15:16:59,846 basehttp "GET /api/core/ HTTP/1.1" 200 4828
INFO 2024-12-08 00:19:44,208 autoreload Watching for file changes with StatReloader
INFO 2024-12-08 00:20:03,240 autoreload C:\Users\KogSa\OneDrive\Рабочий стол\projects\DjangoFall2024\Rroject\jumys\jumys\core\views.py changed, reloading.
INFO 2024-12-08 00:20:04,058 autoreload Watching for file changes with StatReloader
INFO 2024-12-08 00:20:07,250 basehttp "GET / HTTP/1.1" 302 0
INFO 2024-12-08 00:20:07,307 basehttp "GET /api/docs/swagger/ HTTP/1.1" 200 4653
INFO 2024-12-08 00:20:08,375 basehttp "GET /api/schema/ HTTP/1.1" 200 73139
WARNING 2024-12-08 00:20:14,395 log Not Found: /api/cpre
WARNING 2024-12-08 00:20:14,396 basehttp "GET /api/cpre HTTP/1.1" 404 3790
WARNING 2024-12-08 00:20:14,430 log Not Found: /favicon.ico
WARNING 2024-12-08 00:20:14,430 basehttp "GET /favicon.ico HTTP/1.1" 404 3799
INFO 2024-12-08 00:20:17,477 basehttp "GET /api/core HTTP/1.1" 301 0
INFO 2024-12-08 00:20:17,506 basehttp "GET /api/core/ HTTP/1.1" 200 3513
INFO 2024-12-08 00:20:20,073 basehttp "GET /api/core/login/ HTTP/1.1" 200 4265
INFO 2024-12-08 00:20:26,595 basehttp "POST /api/core/login/ HTTP/1.1" 200 4569
INFO 2024-12-08 00:20:28,448 basehttp "GET /api/core/register/ HTTP/1.1" 200 4364
INFO 2024-12-08 00:20:35,417 basehttp "POST /api/core/register/ HTTP/1.1" 200 4672
INFO 2024-12-08 00:20:46,421 basehttp "POST /api/core/register/ HTTP/1.1" 302 0
INFO 2024-12-08 00:20:46,423 basehttp "GET /api/core/login/ HTTP/1.1" 200 4576
INFO 2024-12-08 00:20:52,876 basehttp "POST /api/core/login/ HTTP/1.1" 302 0
INFO 2024-12-08 00:20:52,882 basehttp "GET /api/core/ HTTP/1.1" 200 4831
WARNING 2024-12-08 00:20:56,946 log Unauthorized: /api/companies/create/
WARNING 2024-12-08 00:20:56,947 basehttp "GET /api/companies/create/ HTTP/1.1" 401 3786
INFO 2024-12-08 00:20:57,115 basehttp "GET /static/rest_framework/css/bootstrap-tweaks.css HTTP/1.1" 200 3426
INFO 2024-12-08 00:20:57,124 basehttp "GET /static/rest_framework/css/bootstrap.min.css HTTP/1.1" 200 121457
INFO 2024-12-08 00:20:57,126 basehttp "GET /static/rest_framework/css/prettify.css HTTP/1.1" 200 817
INFO 2024-12-08 00:20:57,127 basehttp "GET /static/rest_framework/css/default.css HTTP/1.1" 200 1152
INFO 2024-12-08 00:20:57,151 basehttp "GET /static/rest_framework/js/ajax-form.js HTTP/1.1" 200 3796
INFO 2024-12-08 00:20:57,154 basehttp "GET /static/rest_framework/js/csrf.js HTTP/1.1" 200 1793
INFO 2024-12-08 00:20:57,155 basehttp "GET /static/rest_framework/js/default.js HTTP/1.1" 200 1268
INFO 2024-12-08 00:20:57,158 basehttp "GET /static/rest_framework/img/grid.png HTTP/1.1" 200 1458
INFO 2024-12-08 00:20:57,168 basehttp "GET /static/rest_framework/js/load-ajax-form.js HTTP/1.1" 200 59
INFO 2024-12-08 00:20:57,189 basehttp "GET /static/rest_framework/js/bootstrap.min.js HTTP/1.1" 200 39680
INFO 2024-12-08 00:20:57,195 basehttp "GET /static/rest_framework/js/prettify-min.js HTTP/1.1" 200 13632
INFO 2024-12-08 00:20:57,221 basehttp "GET /static/rest_framework/js/jquery-3.7.1.min.js HTTP/1.1" 200 87533
INFO 2024-12-08 00:22:20,239 basehttp "GET /api/core/ HTTP/1.1" 200 4531
ERROR 2024-12-08 00:22:21,316 log Internal Server Error: /api/core/companies/create/html/
Traceback (most recent call last):
  File "C:\Users\KogSa\AppData\Local\pypoetry\Cache\virtualenvs\jumys-Y4X2CG5X-py3.12\Lib\site-packages\django\core\handlers\exception.py", line 55, in inner
    response = get_response(request)
               ^^^^^^^^^^^^^^^^^^^^^
  File "C:\Users\KogSa\AppData\Local\pypoetry\Cache\virtualenvs\jumys-Y4X2CG5X-py3.12\Lib\site-packages\django\core\handlers\base.py", line 197, in _get_response
    response = wrapped_callback(request, *callback_args, **callback_kwargs)
               ^^^^^^^^^^^^^^^^^^^^^^^^^^^^^^^^^^^^^^^^^^^^^^^^^^^^^^^^^^^^
  File "C:\Users\KogSa\AppData\Local\pypoetry\Cache\virtualenvs\jumys-Y4X2CG5X-py3.12\Lib\site-packages\django\views\generic\base.py", line 104, in view
    return self.dispatch(request, *args, **kwargs)
           ^^^^^^^^^^^^^^^^^^^^^^^^^^^^^^^^^^^^^^^
  File "C:\Users\KogSa\AppData\Local\pypoetry\Cache\virtualenvs\jumys-Y4X2CG5X-py3.12\Lib\site-packages\django\utils\decorators.py", line 48, in _wrapper
    return bound_method(*args, **kwargs)
           ^^^^^^^^^^^^^^^^^^^^^^^^^^^^^
  File "C:\Users\KogSa\AppData\Local\pypoetry\Cache\virtualenvs\jumys-Y4X2CG5X-py3.12\Lib\site-packages\django\contrib\auth\decorators.py", line 60, in _view_wrapper
    return view_func(request, *args, **kwargs)
           ^^^^^^^^^^^^^^^^^^^^^^^^^^^^^^^^^^^
  File "C:\Users\KogSa\AppData\Local\pypoetry\Cache\virtualenvs\jumys-Y4X2CG5X-py3.12\Lib\site-packages\django\views\generic\base.py", line 143, in dispatch
    return handler(request, *args, **kwargs)
           ^^^^^^^^^^^^^^^^^^^^^^^^^^^^^^^^^
  File "C:\Users\KogSa\OneDrive\Рабочий стол\projects\DjangoFall2024\Rroject\jumys\jumys\core\views.py", line 75, in get
    return render(request, 'create_company.html', {'form': form})
           ^^^^^^^^^^^^^^^^^^^^^^^^^^^^^^^^^^^^^^^^^^^^^^^^^^^^^^
  File "C:\Users\KogSa\AppData\Local\pypoetry\Cache\virtualenvs\jumys-Y4X2CG5X-py3.12\Lib\site-packages\django\shortcuts.py", line 25, in render
    content = loader.render_to_string(template_name, context, request, using=using)
              ^^^^^^^^^^^^^^^^^^^^^^^^^^^^^^^^^^^^^^^^^^^^^^^^^^^^^^^^^^^^^^^^^^^^^
  File "C:\Users\KogSa\AppData\Local\pypoetry\Cache\virtualenvs\jumys-Y4X2CG5X-py3.12\Lib\site-packages\django\template\loader.py", line 61, in render_to_string
    template = get_template(template_name, using=using)
               ^^^^^^^^^^^^^^^^^^^^^^^^^^^^^^^^^^^^^^^^
  File "C:\Users\KogSa\AppData\Local\pypoetry\Cache\virtualenvs\jumys-Y4X2CG5X-py3.12\Lib\site-packages\django\template\loader.py", line 19, in get_template
    raise TemplateDoesNotExist(template_name, chain=chain)
django.template.exceptions.TemplateDoesNotExist: create_company.html
ERROR 2024-12-08 00:22:21,321 basehttp "GET /api/core/companies/create/html/ HTTP/1.1" 500 111786
ERROR 2024-12-08 00:23:15,593 log Internal Server Error: /api/core/companies/create/html/
Traceback (most recent call last):
  File "C:\Users\KogSa\AppData\Local\pypoetry\Cache\virtualenvs\jumys-Y4X2CG5X-py3.12\Lib\site-packages\django\core\handlers\exception.py", line 55, in inner
    response = get_response(request)
               ^^^^^^^^^^^^^^^^^^^^^
  File "C:\Users\KogSa\AppData\Local\pypoetry\Cache\virtualenvs\jumys-Y4X2CG5X-py3.12\Lib\site-packages\django\core\handlers\base.py", line 197, in _get_response
    response = wrapped_callback(request, *callback_args, **callback_kwargs)
               ^^^^^^^^^^^^^^^^^^^^^^^^^^^^^^^^^^^^^^^^^^^^^^^^^^^^^^^^^^^^
  File "C:\Users\KogSa\AppData\Local\pypoetry\Cache\virtualenvs\jumys-Y4X2CG5X-py3.12\Lib\site-packages\django\views\generic\base.py", line 104, in view
    return self.dispatch(request, *args, **kwargs)
           ^^^^^^^^^^^^^^^^^^^^^^^^^^^^^^^^^^^^^^^
  File "C:\Users\KogSa\AppData\Local\pypoetry\Cache\virtualenvs\jumys-Y4X2CG5X-py3.12\Lib\site-packages\django\utils\decorators.py", line 48, in _wrapper
    return bound_method(*args, **kwargs)
           ^^^^^^^^^^^^^^^^^^^^^^^^^^^^^
  File "C:\Users\KogSa\AppData\Local\pypoetry\Cache\virtualenvs\jumys-Y4X2CG5X-py3.12\Lib\site-packages\django\contrib\auth\decorators.py", line 60, in _view_wrapper
    return view_func(request, *args, **kwargs)
           ^^^^^^^^^^^^^^^^^^^^^^^^^^^^^^^^^^^
  File "C:\Users\KogSa\AppData\Local\pypoetry\Cache\virtualenvs\jumys-Y4X2CG5X-py3.12\Lib\site-packages\django\views\generic\base.py", line 143, in dispatch
    return handler(request, *args, **kwargs)
           ^^^^^^^^^^^^^^^^^^^^^^^^^^^^^^^^^
  File "C:\Users\KogSa\OneDrive\Рабочий стол\projects\DjangoFall2024\Rroject\jumys\jumys\core\views.py", line 75, in get
    return render(request, 'create_company.html', {'form': form})
           ^^^^^^^^^^^^^^^^^^^^^^^^^^^^^^^^^^^^^^^^^^^^^^^^^^^^^^
  File "C:\Users\KogSa\AppData\Local\pypoetry\Cache\virtualenvs\jumys-Y4X2CG5X-py3.12\Lib\site-packages\django\shortcuts.py", line 25, in render
    content = loader.render_to_string(template_name, context, request, using=using)
              ^^^^^^^^^^^^^^^^^^^^^^^^^^^^^^^^^^^^^^^^^^^^^^^^^^^^^^^^^^^^^^^^^^^^^
  File "C:\Users\KogSa\AppData\Local\pypoetry\Cache\virtualenvs\jumys-Y4X2CG5X-py3.12\Lib\site-packages\django\template\loader.py", line 61, in render_to_string
    template = get_template(template_name, using=using)
               ^^^^^^^^^^^^^^^^^^^^^^^^^^^^^^^^^^^^^^^^
  File "C:\Users\KogSa\AppData\Local\pypoetry\Cache\virtualenvs\jumys-Y4X2CG5X-py3.12\Lib\site-packages\django\template\loader.py", line 19, in get_template
    raise TemplateDoesNotExist(template_name, chain=chain)
django.template.exceptions.TemplateDoesNotExist: create_company.html
ERROR 2024-12-08 00:23:15,603 basehttp "GET /api/core/companies/create/html/ HTTP/1.1" 500 111786
INFO 2024-12-08 00:24:43,675 autoreload C:\Users\KogSa\OneDrive\Рабочий стол\projects\DjangoFall2024\Rroject\jumys\jumys\core\views.py changed, reloading.
INFO 2024-12-08 00:24:44,626 autoreload Watching for file changes with StatReloader
INFO 2024-12-08 00:25:11,023 autoreload C:\Users\KogSa\OneDrive\Рабочий стол\projects\DjangoFall2024\Rroject\jumys\jumys\core\views.py changed, reloading.
INFO 2024-12-08 00:25:12,009 autoreload Watching for file changes with StatReloader
INFO 2024-12-08 00:25:14,882 autoreload C:\Users\KogSa\OneDrive\Рабочий стол\projects\DjangoFall2024\Rroject\jumys\jumys\companies\views.py changed, reloading.
INFO 2024-12-08 00:25:15,702 autoreload Watching for file changes with StatReloader
INFO 2024-12-08 00:25:55,902 autoreload C:\Users\KogSa\OneDrive\Рабочий стол\projects\DjangoFall2024\Rroject\jumys\jumys\companies\views.py changed, reloading.
INFO 2024-12-08 00:25:56,756 autoreload Watching for file changes with StatReloader
INFO 2024-12-08 00:26:02,890 autoreload C:\Users\KogSa\OneDrive\Рабочий стол\projects\DjangoFall2024\Rroject\jumys\jumys\companies\views.py changed, reloading.
INFO 2024-12-08 00:26:03,733 autoreload Watching for file changes with StatReloader
INFO 2024-12-08 00:26:32,154 autoreload C:\Users\KogSa\OneDrive\Рабочий стол\projects\DjangoFall2024\Rroject\jumys\jumys\companies\views.py changed, reloading.
INFO 2024-12-08 00:26:32,998 autoreload Watching for file changes with StatReloader
INFO 2024-12-08 00:26:44,356 autoreload C:\Users\KogSa\OneDrive\Рабочий стол\projects\DjangoFall2024\Rroject\jumys\jumys\companies\views.py changed, reloading.
INFO 2024-12-08 00:26:45,192 autoreload Watching for file changes with StatReloader
INFO 2024-12-08 00:27:22,250 autoreload C:\Users\KogSa\OneDrive\Рабочий стол\projects\DjangoFall2024\Rroject\jumys\jumys\companies\urls.py changed, reloading.
INFO 2024-12-08 00:27:23,062 autoreload Watching for file changes with StatReloader
INFO 2024-12-08 00:27:36,528 autoreload C:\Users\KogSa\OneDrive\Рабочий стол\projects\DjangoFall2024\Rroject\jumys\jumys\core\urls.py changed, reloading.
INFO 2024-12-08 00:27:37,349 autoreload Watching for file changes with StatReloader
INFO 2024-12-08 00:27:42,420 autoreload C:\Users\KogSa\OneDrive\Рабочий стол\projects\DjangoFall2024\Rroject\jumys\jumys\core\urls.py changed, reloading.
INFO 2024-12-08 00:27:43,268 autoreload Watching for file changes with StatReloader
WARNING 2024-12-08 00:27:47,252 log Not Found: /api/core/companies/create/html/
WARNING 2024-12-08 00:27:47,253 basehttp "GET /api/core/companies/create/html/ HTTP/1.1" 404 5282
INFO 2024-12-08 00:31:51,201 autoreload C:\Users\KogSa\OneDrive\Рабочий стол\projects\DjangoFall2024\Rroject\jumys\jumys\companies\views.py changed, reloading.
INFO 2024-12-08 00:31:52,218 autoreload Watching for file changes with StatReloader
INFO 2024-12-08 00:31:59,463 autoreload C:\Users\KogSa\OneDrive\Рабочий стол\projects\DjangoFall2024\Rroject\jumys\jumys\companies\urls.py changed, reloading.
INFO 2024-12-08 00:32:00,325 autoreload Watching for file changes with StatReloader
INFO 2024-12-08 00:36:01,802 autoreload C:\Users\KogSa\OneDrive\Рабочий стол\projects\DjangoFall2024\Rroject\jumys\jumys\companies\views.py changed, reloading.
INFO 2024-12-08 00:36:02,828 autoreload Watching for file changes with StatReloader
INFO 2024-12-08 00:37:39,492 autoreload C:\Users\KogSa\OneDrive\Рабочий стол\projects\DjangoFall2024\Rroject\jumys\jumys\companies\serializers.py changed, reloading.
INFO 2024-12-08 00:37:40,368 autoreload Watching for file changes with StatReloader
INFO 2024-12-08 00:37:50,646 autoreload C:\Users\KogSa\OneDrive\Рабочий стол\projects\DjangoFall2024\Rroject\jumys\jumys\companies\views.py changed, reloading.
INFO 2024-12-08 00:37:51,424 autoreload Watching for file changes with StatReloader
INFO 2024-12-08 00:38:02,757 autoreload C:\Users\KogSa\OneDrive\Рабочий стол\projects\DjangoFall2024\Rroject\jumys\jumys\companies\urls.py changed, reloading.
INFO 2024-12-08 00:38:03,602 autoreload Watching for file changes with StatReloader
INFO 2024-12-08 00:38:34,162 autoreload C:\Users\KogSa\OneDrive\Рабочий стол\projects\DjangoFall2024\Rroject\jumys\jumys\core\views.py changed, reloading.
INFO 2024-12-08 00:38:35,012 autoreload Watching for file changes with StatReloader
INFO 2024-12-08 00:43:41,657 autoreload C:\Users\KogSa\OneDrive\Рабочий стол\projects\DjangoFall2024\Rroject\jumys\jumys\core\views.py changed, reloading.
INFO 2024-12-08 00:43:42,556 autoreload Watching for file changes with StatReloader
INFO 2024-12-08 00:44:04,787 autoreload C:\Users\KogSa\OneDrive\Рабочий стол\projects\DjangoFall2024\Rroject\jumys\jumys\core\urls.py changed, reloading.
INFO 2024-12-08 00:44:05,594 autoreload Watching for file changes with StatReloader
INFO 2024-12-08 00:44:33,986 autoreload Watching for file changes with StatReloader
INFO 2024-12-08 00:45:26,827 autoreload C:\Users\KogSa\OneDrive\Рабочий стол\projects\DjangoFall2024\Rroject\jumys\jumys\jumys\urls.py changed, reloading.
INFO 2024-12-08 00:45:27,742 autoreload Watching for file changes with StatReloader
INFO 2024-12-08 00:45:30,486 basehttp "GET / HTTP/1.1" 302 0
INFO 2024-12-08 00:45:30,514 basehttp "GET /api/docs/swagger/ HTTP/1.1" 200 4653
INFO 2024-12-08 00:45:30,730 basehttp "GET /api/schema/ HTTP/1.1" 200 67755
INFO 2024-12-08 00:45:37,098 basehttp "GET /api/core/ HTTP/1.1" 200 4497
INFO 2024-12-08 00:45:39,613 basehttp "GET /api/core/companies/create/ HTTP/1.1" 200 5479
INFO 2024-12-08 00:46:28,387 basehttp "POST /api/core/companies/create/ HTTP/1.1" 302 0
INFO 2024-12-08 00:46:28,392 basehttp "GET /api/core/companies/1/ HTTP/1.1" 200 0
INFO 2024-12-08 00:46:34,514 basehttp "GET /api/core/companies/1/ HTTP/1.1" 200 0
INFO 2024-12-08 00:46:38,950 basehttp "GET /api/core/profile/ HTTP/1.1" 200 4900
INFO 2024-12-08 00:46:42,715 basehttp "GET /api/core/ HTTP/1.1" 200 4497
INFO 2024-12-08 00:46:46,750 basehttp "GET /api/core/companies/1/ HTTP/1.1" 200 0
ERROR 2024-12-08 00:47:31,772 log Internal Server Error: /api/core/companies/1/
Traceback (most recent call last):
  File "C:\Users\KogSa\AppData\Local\pypoetry\Cache\virtualenvs\jumys-Y4X2CG5X-py3.12\Lib\site-packages\django\core\handlers\exception.py", line 55, in inner
    response = get_response(request)
               ^^^^^^^^^^^^^^^^^^^^^
  File "C:\Users\KogSa\AppData\Local\pypoetry\Cache\virtualenvs\jumys-Y4X2CG5X-py3.12\Lib\site-packages\django\core\handlers\base.py", line 220, in _get_response
    response = response.render()
               ^^^^^^^^^^^^^^^^^
  File "C:\Users\KogSa\AppData\Local\pypoetry\Cache\virtualenvs\jumys-Y4X2CG5X-py3.12\Lib\site-packages\django\template\response.py", line 114, in render
    self.content = self.rendered_content
                   ^^^^^^^^^^^^^^^^^^^^^
  File "C:\Users\KogSa\AppData\Local\pypoetry\Cache\virtualenvs\jumys-Y4X2CG5X-py3.12\Lib\site-packages\django\template\response.py", line 90, in rendered_content
    template = self.resolve_template(self.template_name)
               ^^^^^^^^^^^^^^^^^^^^^^^^^^^^^^^^^^^^^^^^^
  File "C:\Users\KogSa\AppData\Local\pypoetry\Cache\virtualenvs\jumys-Y4X2CG5X-py3.12\Lib\site-packages\django\template\response.py", line 72, in resolve_template
    return select_template(template, using=self.using)
           ^^^^^^^^^^^^^^^^^^^^^^^^^^^^^^^^^^^^^^^^^^^
  File "C:\Users\KogSa\AppData\Local\pypoetry\Cache\virtualenvs\jumys-Y4X2CG5X-py3.12\Lib\site-packages\django\template\loader.py", line 42, in select_template
    return engine.get_template(template_name)
           ^^^^^^^^^^^^^^^^^^^^^^^^^^^^^^^^^^
  File "C:\Users\KogSa\AppData\Local\pypoetry\Cache\virtualenvs\jumys-Y4X2CG5X-py3.12\Lib\site-packages\django\template\backends\django.py", line 79, in get_template
    return Template(self.engine.get_template(template_name), self)
                    ^^^^^^^^^^^^^^^^^^^^^^^^^^^^^^^^^^^^^^^
  File "C:\Users\KogSa\AppData\Local\pypoetry\Cache\virtualenvs\jumys-Y4X2CG5X-py3.12\Lib\site-packages\django\template\engine.py", line 177, in get_template
    template, origin = self.find_template(template_name)
                       ^^^^^^^^^^^^^^^^^^^^^^^^^^^^^^^^^
  File "C:\Users\KogSa\AppData\Local\pypoetry\Cache\virtualenvs\jumys-Y4X2CG5X-py3.12\Lib\site-packages\django\template\engine.py", line 159, in find_template
    template = loader.get_template(name, skip=skip)
               ^^^^^^^^^^^^^^^^^^^^^^^^^^^^^^^^^^^^
  File "C:\Users\KogSa\AppData\Local\pypoetry\Cache\virtualenvs\jumys-Y4X2CG5X-py3.12\Lib\site-packages\django\template\loaders\cached.py", line 57, in get_template
    template = super().get_template(template_name, skip)
               ^^^^^^^^^^^^^^^^^^^^^^^^^^^^^^^^^^^^^^^^^
  File "C:\Users\KogSa\AppData\Local\pypoetry\Cache\virtualenvs\jumys-Y4X2CG5X-py3.12\Lib\site-packages\django\template\loaders\base.py", line 28, in get_template
    return Template(
           ^^^^^^^^^
  File "C:\Users\KogSa\AppData\Local\pypoetry\Cache\virtualenvs\jumys-Y4X2CG5X-py3.12\Lib\site-packages\django\template\base.py", line 154, in __init__
    self.nodelist = self.compile_nodelist()
                    ^^^^^^^^^^^^^^^^^^^^^^^
  File "C:\Users\KogSa\AppData\Local\pypoetry\Cache\virtualenvs\jumys-Y4X2CG5X-py3.12\Lib\site-packages\django\template\base.py", line 196, in compile_nodelist
    nodelist = parser.parse()
               ^^^^^^^^^^^^^^
  File "C:\Users\KogSa\AppData\Local\pypoetry\Cache\virtualenvs\jumys-Y4X2CG5X-py3.12\Lib\site-packages\django\template\base.py", line 518, in parse
    raise self.error(token, e)
  File "C:\Users\KogSa\AppData\Local\pypoetry\Cache\virtualenvs\jumys-Y4X2CG5X-py3.12\Lib\site-packages\django\template\base.py", line 516, in parse
    compiled_result = compile_func(self, token)
                      ^^^^^^^^^^^^^^^^^^^^^^^^^
  File "C:\Users\KogSa\AppData\Local\pypoetry\Cache\virtualenvs\jumys-Y4X2CG5X-py3.12\Lib\site-packages\django\template\loader_tags.py", line 295, in do_extends
    nodelist = parser.parse()
               ^^^^^^^^^^^^^^
  File "C:\Users\KogSa\AppData\Local\pypoetry\Cache\virtualenvs\jumys-Y4X2CG5X-py3.12\Lib\site-packages\django\template\base.py", line 518, in parse
    raise self.error(token, e)
  File "C:\Users\KogSa\AppData\Local\pypoetry\Cache\virtualenvs\jumys-Y4X2CG5X-py3.12\Lib\site-packages\django\template\base.py", line 516, in parse
    compiled_result = compile_func(self, token)
                      ^^^^^^^^^^^^^^^^^^^^^^^^^
  File "C:\Users\KogSa\AppData\Local\pypoetry\Cache\virtualenvs\jumys-Y4X2CG5X-py3.12\Lib\site-packages\django\template\loader_tags.py", line 234, in do_block
    nodelist = parser.parse(("endblock",))
               ^^^^^^^^^^^^^^^^^^^^^^^^^^^
  File "C:\Users\KogSa\AppData\Local\pypoetry\Cache\virtualenvs\jumys-Y4X2CG5X-py3.12\Lib\site-packages\django\template\base.py", line 518, in parse
    raise self.error(token, e)
  File "C:\Users\KogSa\AppData\Local\pypoetry\Cache\virtualenvs\jumys-Y4X2CG5X-py3.12\Lib\site-packages\django\template\base.py", line 516, in parse
    compiled_result = compile_func(self, token)
                      ^^^^^^^^^^^^^^^^^^^^^^^^^
  File "C:\Users\KogSa\AppData\Local\pypoetry\Cache\virtualenvs\jumys-Y4X2CG5X-py3.12\Lib\site-packages\django\template\defaulttags.py", line 962, in do_if
    nodelist = parser.parse(("elif", "else", "endif"))
               ^^^^^^^^^^^^^^^^^^^^^^^^^^^^^^^^^^^^^^^
  File "C:\Users\KogSa\AppData\Local\pypoetry\Cache\virtualenvs\jumys-Y4X2CG5X-py3.12\Lib\site-packages\django\template\base.py", line 518, in parse
    raise self.error(token, e)
  File "C:\Users\KogSa\AppData\Local\pypoetry\Cache\virtualenvs\jumys-Y4X2CG5X-py3.12\Lib\site-packages\django\template\base.py", line 516, in parse
    compiled_result = compile_func(self, token)
                      ^^^^^^^^^^^^^^^^^^^^^^^^^
  File "C:\Users\KogSa\AppData\Local\pypoetry\Cache\virtualenvs\jumys-Y4X2CG5X-py3.12\Lib\site-packages\django\template\defaulttags.py", line 962, in do_if
    nodelist = parser.parse(("elif", "else", "endif"))
               ^^^^^^^^^^^^^^^^^^^^^^^^^^^^^^^^^^^^^^^
  File "C:\Users\KogSa\AppData\Local\pypoetry\Cache\virtualenvs\jumys-Y4X2CG5X-py3.12\Lib\site-packages\django\template\base.py", line 523, in parse
    self.unclosed_block_tag(parse_until)
  File "C:\Users\KogSa\AppData\Local\pypoetry\Cache\virtualenvs\jumys-Y4X2CG5X-py3.12\Lib\site-packages\django\template\base.py", line 586, in unclosed_block_tag
    raise self.error(token, msg)
django.template.exceptions.TemplateSyntaxError: Unclosed tag on line 55: 'if'. Looking for one of: elif, else, endif.
ERROR 2024-12-08 00:47:31,779 basehttp "GET /api/core/companies/1/ HTTP/1.1" 500 212218
ERROR 2024-12-08 00:48:04,373 log Internal Server Error: /api/core/companies/1/
Traceback (most recent call last):
  File "C:\Users\KogSa\AppData\Local\pypoetry\Cache\virtualenvs\jumys-Y4X2CG5X-py3.12\Lib\site-packages\django\core\handlers\exception.py", line 55, in inner
    response = get_response(request)
               ^^^^^^^^^^^^^^^^^^^^^
  File "C:\Users\KogSa\AppData\Local\pypoetry\Cache\virtualenvs\jumys-Y4X2CG5X-py3.12\Lib\site-packages\django\core\handlers\base.py", line 220, in _get_response
    response = response.render()
               ^^^^^^^^^^^^^^^^^
  File "C:\Users\KogSa\AppData\Local\pypoetry\Cache\virtualenvs\jumys-Y4X2CG5X-py3.12\Lib\site-packages\django\template\response.py", line 114, in render
    self.content = self.rendered_content
                   ^^^^^^^^^^^^^^^^^^^^^
  File "C:\Users\KogSa\AppData\Local\pypoetry\Cache\virtualenvs\jumys-Y4X2CG5X-py3.12\Lib\site-packages\django\template\response.py", line 92, in rendered_content
    return template.render(context, self._request)
           ^^^^^^^^^^^^^^^^^^^^^^^^^^^^^^^^^^^^^^^
  File "C:\Users\KogSa\AppData\Local\pypoetry\Cache\virtualenvs\jumys-Y4X2CG5X-py3.12\Lib\site-packages\django\template\backends\django.py", line 107, in render
    return self.template.render(context)
           ^^^^^^^^^^^^^^^^^^^^^^^^^^^^^
  File "C:\Users\KogSa\AppData\Local\pypoetry\Cache\virtualenvs\jumys-Y4X2CG5X-py3.12\Lib\site-packages\django\template\base.py", line 171, in render
    return self._render(context)
           ^^^^^^^^^^^^^^^^^^^^^
  File "C:\Users\KogSa\AppData\Local\pypoetry\Cache\virtualenvs\jumys-Y4X2CG5X-py3.12\Lib\site-packages\django\template\base.py", line 163, in _render
    return self.nodelist.render(context)
           ^^^^^^^^^^^^^^^^^^^^^^^^^^^^^
  File "C:\Users\KogSa\AppData\Local\pypoetry\Cache\virtualenvs\jumys-Y4X2CG5X-py3.12\Lib\site-packages\django\template\base.py", line 1008, in render
    return SafeString("".join([node.render_annotated(context) for node in self]))
                               ^^^^^^^^^^^^^^^^^^^^^^^^^^^^^^
  File "C:\Users\KogSa\AppData\Local\pypoetry\Cache\virtualenvs\jumys-Y4X2CG5X-py3.12\Lib\site-packages\django\template\base.py", line 969, in render_annotated
    return self.render(context)
           ^^^^^^^^^^^^^^^^^^^^
  File "C:\Users\KogSa\AppData\Local\pypoetry\Cache\virtualenvs\jumys-Y4X2CG5X-py3.12\Lib\site-packages\django\template\loader_tags.py", line 159, in render
    return compiled_parent._render(context)
           ^^^^^^^^^^^^^^^^^^^^^^^^^^^^^^^^
  File "C:\Users\KogSa\AppData\Local\pypoetry\Cache\virtualenvs\jumys-Y4X2CG5X-py3.12\Lib\site-packages\django\template\base.py", line 163, in _render
    return self.nodelist.render(context)
           ^^^^^^^^^^^^^^^^^^^^^^^^^^^^^
  File "C:\Users\KogSa\AppData\Local\pypoetry\Cache\virtualenvs\jumys-Y4X2CG5X-py3.12\Lib\site-packages\django\template\base.py", line 1008, in render
    return SafeString("".join([node.render_annotated(context) for node in self]))
                               ^^^^^^^^^^^^^^^^^^^^^^^^^^^^^^
  File "C:\Users\KogSa\AppData\Local\pypoetry\Cache\virtualenvs\jumys-Y4X2CG5X-py3.12\Lib\site-packages\django\template\base.py", line 969, in render_annotated
    return self.render(context)
           ^^^^^^^^^^^^^^^^^^^^
  File "C:\Users\KogSa\AppData\Local\pypoetry\Cache\virtualenvs\jumys-Y4X2CG5X-py3.12\Lib\site-packages\django\template\loader_tags.py", line 65, in render
    result = block.nodelist.render(context)
             ^^^^^^^^^^^^^^^^^^^^^^^^^^^^^^
  File "C:\Users\KogSa\AppData\Local\pypoetry\Cache\virtualenvs\jumys-Y4X2CG5X-py3.12\Lib\site-packages\django\template\base.py", line 1008, in render
    return SafeString("".join([node.render_annotated(context) for node in self]))
                               ^^^^^^^^^^^^^^^^^^^^^^^^^^^^^^
  File "C:\Users\KogSa\AppData\Local\pypoetry\Cache\virtualenvs\jumys-Y4X2CG5X-py3.12\Lib\site-packages\django\template\base.py", line 969, in render_annotated
    return self.render(context)
           ^^^^^^^^^^^^^^^^^^^^
  File "C:\Users\KogSa\AppData\Local\pypoetry\Cache\virtualenvs\jumys-Y4X2CG5X-py3.12\Lib\site-packages\django\template\defaulttags.py", line 327, in render
    return nodelist.render(context)
           ^^^^^^^^^^^^^^^^^^^^^^^^
  File "C:\Users\KogSa\AppData\Local\pypoetry\Cache\virtualenvs\jumys-Y4X2CG5X-py3.12\Lib\site-packages\django\template\base.py", line 1008, in render
    return SafeString("".join([node.render_annotated(context) for node in self]))
                               ^^^^^^^^^^^^^^^^^^^^^^^^^^^^^^
  File "C:\Users\KogSa\AppData\Local\pypoetry\Cache\virtualenvs\jumys-Y4X2CG5X-py3.12\Lib\site-packages\django\template\base.py", line 969, in render_annotated
    return self.render(context)
           ^^^^^^^^^^^^^^^^^^^^
  File "C:\Users\KogSa\AppData\Local\pypoetry\Cache\virtualenvs\jumys-Y4X2CG5X-py3.12\Lib\site-packages\django\template\defaulttags.py", line 327, in render
    return nodelist.render(context)
           ^^^^^^^^^^^^^^^^^^^^^^^^
  File "C:\Users\KogSa\AppData\Local\pypoetry\Cache\virtualenvs\jumys-Y4X2CG5X-py3.12\Lib\site-packages\django\template\base.py", line 1008, in render
    return SafeString("".join([node.render_annotated(context) for node in self]))
                               ^^^^^^^^^^^^^^^^^^^^^^^^^^^^^^
  File "C:\Users\KogSa\AppData\Local\pypoetry\Cache\virtualenvs\jumys-Y4X2CG5X-py3.12\Lib\site-packages\django\template\base.py", line 969, in render_annotated
    return self.render(context)
           ^^^^^^^^^^^^^^^^^^^^
  File "C:\Users\KogSa\AppData\Local\pypoetry\Cache\virtualenvs\jumys-Y4X2CG5X-py3.12\Lib\site-packages\django\template\defaulttags.py", line 480, in render
    url = reverse(view_name, args=args, kwargs=kwargs, current_app=current_app)
          ^^^^^^^^^^^^^^^^^^^^^^^^^^^^^^^^^^^^^^^^^^^^^^^^^^^^^^^^^^^^^^^^^^^^^
  File "C:\Users\KogSa\AppData\Local\pypoetry\Cache\virtualenvs\jumys-Y4X2CG5X-py3.12\Lib\site-packages\django\urls\base.py", line 88, in reverse
    return resolver._reverse_with_prefix(view, prefix, *args, **kwargs)
           ^^^^^^^^^^^^^^^^^^^^^^^^^^^^^^^^^^^^^^^^^^^^^^^^^^^^^^^^^^^^
  File "C:\Users\KogSa\AppData\Local\pypoetry\Cache\virtualenvs\jumys-Y4X2CG5X-py3.12\Lib\site-packages\django\urls\resolvers.py", line 831, in _reverse_with_prefix
    raise NoReverseMatch(msg)
django.urls.exceptions.NoReverseMatch: Reverse for 'edit_company' not found. 'edit_company' is not a valid view function or pattern name.
ERROR 2024-12-08 00:48:04,379 basehttp "GET /api/core/companies/1/ HTTP/1.1" 500 185572
INFO 2024-12-08 00:48:29,243 autoreload C:\Users\KogSa\OneDrive\Рабочий стол\projects\DjangoFall2024\Rroject\jumys\jumys\core\views.py changed, reloading.
INFO 2024-12-08 00:48:30,166 autoreload Watching for file changes with StatReloader
INFO 2024-12-08 00:48:52,191 autoreload C:\Users\KogSa\OneDrive\Рабочий стол\projects\DjangoFall2024\Rroject\jumys\jumys\core\views.py changed, reloading.
INFO 2024-12-08 00:48:53,132 autoreload Watching for file changes with StatReloader
INFO 2024-12-08 00:50:45,785 autoreload C:\Users\KogSa\OneDrive\Рабочий стол\projects\DjangoFall2024\Rroject\jumys\jumys\core\views.py changed, reloading.
INFO 2024-12-08 00:50:46,851 autoreload Watching for file changes with StatReloader
